{"meta": {"format": 3, "version": "7.13.1", "timestamp": "2026-01-10T11:18:54.566862", "branch_coverage": false, "show_contexts": false}, "files": {"src\\core\\__init__.py": {"executed_lines": [], "summary": {"covered_lines": 0, "num_statements": 0, "percent_covered": 100.0, "percent_covered_display": "100", "missing_lines": 0, "excluded_lines": 0, "percent_statements_covered": 100.0, "percent_statements_covered_display": "100"}, "missing_lines": [], "excluded_lines": [], "functions": {"": {"executed_lines": [], "summary": {"covered_lines": 0, "num_statements": 0, "percent_covered": 100.0, "percent_covered_display": "100", "missing_lines": 0, "excluded_lines": 0, "percent_statements_covered": 100.0, "percent_statements_covered_display": "100"}, "missing_lines": [], "excluded_lines": [], "start_line": 1}}, "classes": {"": {"executed_lines": [], "summary": {"covered_lines": 0, "num_statements": 0, "percent_covered": 100.0, "percent_covered_display": "100", "missing_lines": 0, "excluded_lines": 0, "percent_statements_covered": 100.0, "percent_statements_covered_display": "100"}, "missing_lines": [], "excluded_lines": [], "start_line": 1}}}, "src\\core\\agent_chain.py": {"executed_lines": [], "summary": {"covered_lines": 0, "num_statements": 240, "percent_covered": 0.0, "percent_covered_display": "0", "missing_lines": 240, "excluded_lines": 0, "percent_statements_covered": 0.0, "percent_statements_covered_display": "0"}, "missing_lines": [5, 6, 7, 8, 10, 14, 15, 18, 20, 21, 22, 23, 24, 27, 28, 30, 31, 32, 33, 34, 35, 36, 37, 40, 53, 54, 55, 56, 57, 58, 59, 61, 62, 63, 64, 65, 67, 68, 69, 70, 71, 73, 74, 75, 76, 77, 79, 80, 81, 82, 83, 85, 86, 87, 88, 89, 91, 102, 105, 106, 108, 110, 112, 114, 115, 116, 118, 130, 131, 140, 141, 144, 145, 146, 147, 148, 149, 152, 160, 161, 162, 169, 171, 172, 173, 176, 183, 189, 194, 196, 197, 198, 200, 201, 202, 203, 204, 205, 207, 209, 219, 220, 221, 225, 227, 238, 239, 249, 250, 254, 256, 267, 269, 279, 288, 289, 290, 292, 298, 306, 314, 317, 319, 320, 321, 322, 323, 326, 328, 330, 336, 342, 343, 350, 352, 353, 355, 356, 357, 358, 360, 361, 362, 363, 365, 366, 368, 370, 372, 373, 374, 375, 377, 378, 379, 380, 382, 383, 385, 387, 389, 390, 392, 393, 394, 395, 396, 398, 399, 400, 401, 402, 404, 406, 408, 410, 411, 412, 413, 415, 416, 417, 418, 420, 421, 423, 424, 426, 428, 430, 432, 433, 435, 436, 437, 438, 440, 441, 443, 445, 447, 450, 452, 453, 454, 455, 458, 459, 461, 462, 463, 464, 466, 467, 469, 470, 472, 474, 476, 477, 478, 485, 488, 491, 492, 493, 500, 501, 502, 503, 505, 507, 508, 509, 511, 513, 514, 515, 516, 517], "excluded_lines": [], "functions": {"AgentChain.__init__": {"executed_lines": [], "summary": {"covered_lines": 0, "num_statements": 6, "percent_covered": 0.0, "percent_covered_display": "0", "missing_lines": 6, "excluded_lines": 0, "percent_statements_covered": 0.0, "percent_statements_covered_display": "0"}, "missing_lines": [54, 55, 56, 57, 58, 59], "excluded_lines": [], "start_line": 53}, "AgentChain.excavator": {"executed_lines": [], "summary": {"covered_lines": 0, "num_statements": 3, "percent_covered": 0.0, "percent_covered_display": "0", "missing_lines": 3, "excluded_lines": 0, "percent_statements_covered": 0.0, "percent_statements_covered_display": "0"}, "missing_lines": [63, 64, 65], "excluded_lines": [], "start_line": 62}, "AgentChain.coder": {"executed_lines": [], "summary": {"covered_lines": 0, "num_statements": 3, "percent_covered": 0.0, "percent_covered_display": "0", "missing_lines": 3, "excluded_lines": 0, "percent_statements_covered": 0.0, "percent_statements_covered_display": "0"}, "missing_lines": [69, 70, 71], "excluded_lines": [], "start_line": 68}, "AgentChain.qa": {"executed_lines": [], "summary": {"covered_lines": 0, "num_statements": 3, "percent_covered": 0.0, "percent_covered_display": "0", "missing_lines": 3, "excluded_lines": 0, "percent_statements_covered": 0.0, "percent_statements_covered_display": "0"}, "missing_lines": [75, 76, 77], "excluded_lines": [], "start_line": 74}, "AgentChain.strategist": {"executed_lines": [], "summary": {"covered_lines": 0, "num_statements": 3, "percent_covered": 0.0, "percent_covered_display": "0", "missing_lines": 3, "excluded_lines": 0, "percent_statements_covered": 0.0, "percent_statements_covered_display": "0"}, "missing_lines": [81, 82, 83], "excluded_lines": [], "start_line": 80}, "AgentChain.analyst": {"executed_lines": [], "summary": {"covered_lines": 0, "num_statements": 3, "percent_covered": 0.0, "percent_covered_display": "0", "missing_lines": 3, "excluded_lines": 0, "percent_statements_covered": 0.0, "percent_statements_covered_display": "0"}, "missing_lines": [87, 88, 89], "excluded_lines": [], "start_line": 86}, "AgentChain.process": {"executed_lines": [], "summary": {"covered_lines": 0, "num_statements": 24, "percent_covered": 0.0, "percent_covered_display": "0", "missing_lines": 24, "excluded_lines": 0, "percent_statements_covered": 0.0, "percent_statements_covered_display": "0"}, "missing_lines": [102, 105, 106, 108, 110, 112, 114, 115, 116, 118, 130, 131, 140, 141, 144, 145, 146, 147, 148, 149, 152, 160, 161, 162], "excluded_lines": [], "start_line": 91}, "AgentChain._determine_task_type": {"executed_lines": [], "summary": {"covered_lines": 0, "num_statements": 17, "percent_covered": 0.0, "percent_covered_display": "0", "missing_lines": 17, "excluded_lines": 0, "percent_statements_covered": 0.0, "percent_statements_covered_display": "0"}, "missing_lines": [171, 172, 173, 176, 183, 189, 194, 196, 197, 198, 200, 201, 202, 203, 204, 205, 207], "excluded_lines": [], "start_line": 169}, "AgentChain._run_code_chain": {"executed_lines": [], "summary": {"covered_lines": 0, "num_statements": 13, "percent_covered": 0.0, "percent_covered_display": "0", "missing_lines": 13, "excluded_lines": 0, "percent_statements_covered": 0.0, "percent_statements_covered_display": "0"}, "missing_lines": [219, 220, 221, 225, 227, 238, 239, 249, 250, 254, 256, 267, 269], "excluded_lines": [], "start_line": 209}, "AgentChain._run_strategy_chain": {"executed_lines": [], "summary": {"covered_lines": 0, "num_statements": 5, "percent_covered": 0.0, "percent_covered_display": "0", "missing_lines": 5, "excluded_lines": 0, "percent_statements_covered": 0.0, "percent_statements_covered_display": "0"}, "missing_lines": [288, 289, 290, 292, 298], "excluded_lines": [], "start_line": 279}, "AgentChain._run_analysis_chain": {"executed_lines": [], "summary": {"covered_lines": 0, "num_statements": 13, "percent_covered": 0.0, "percent_covered_display": "0", "missing_lines": 13, "excluded_lines": 0, "percent_statements_covered": 0.0, "percent_statements_covered_display": "0"}, "missing_lines": [314, 317, 319, 320, 321, 322, 323, 326, 328, 330, 336, 342, 343], "excluded_lines": [], "start_line": 306}, "AgentChain._format_analysis_response": {"executed_lines": [], "summary": {"covered_lines": 0, "num_statements": 12, "percent_covered": 0.0, "percent_covered_display": "0", "missing_lines": 12, "excluded_lines": 0, "percent_statements_covered": 0.0, "percent_statements_covered_display": "0"}, "missing_lines": [352, 353, 355, 356, 357, 358, 360, 361, 362, 363, 365, 366], "excluded_lines": [], "start_line": 350}, "AgentChain._build_code_task": {"executed_lines": [], "summary": {"covered_lines": 0, "num_statements": 12, "percent_covered": 0.0, "percent_covered_display": "0", "missing_lines": 12, "excluded_lines": 0, "percent_statements_covered": 0.0, "percent_statements_covered_display": "0"}, "missing_lines": [370, 372, 373, 374, 375, 377, 378, 379, 380, 382, 383, 385], "excluded_lines": [], "start_line": 368}, "AgentChain._format_questions": {"executed_lines": [], "summary": {"covered_lines": 0, "num_statements": 13, "percent_covered": 0.0, "percent_covered_display": "0", "missing_lines": 13, "excluded_lines": 0, "percent_statements_covered": 0.0, "percent_statements_covered_display": "0"}, "missing_lines": [389, 390, 392, 393, 394, 395, 396, 398, 399, 400, 401, 402, 404], "excluded_lines": [], "start_line": 387}, "AgentChain._format_excavation": {"executed_lines": [], "summary": {"covered_lines": 0, "num_statements": 14, "percent_covered": 0.0, "percent_covered_display": "0", "missing_lines": 14, "excluded_lines": 0, "percent_statements_covered": 0.0, "percent_statements_covered_display": "0"}, "missing_lines": [408, 410, 411, 412, 413, 415, 416, 417, 418, 420, 421, 423, 424, 426], "excluded_lines": [], "start_line": 406}, "AgentChain._format_code_response": {"executed_lines": [], "summary": {"covered_lines": 0, "num_statements": 10, "percent_covered": 0.0, "percent_covered_display": "0", "missing_lines": 10, "excluded_lines": 0, "percent_statements_covered": 0.0, "percent_statements_covered_display": "0"}, "missing_lines": [430, 432, 433, 435, 436, 437, 438, 440, 441, 443], "excluded_lines": [], "start_line": 428}, "AgentChain._format_full_code_response": {"executed_lines": [], "summary": {"covered_lines": 0, "num_statements": 17, "percent_covered": 0.0, "percent_covered_display": "0", "missing_lines": 17, "excluded_lines": 0, "percent_statements_covered": 0.0, "percent_statements_covered_display": "0"}, "missing_lines": [447, 450, 452, 453, 454, 455, 458, 459, 461, 462, 463, 464, 466, 467, 469, 470, 472], "excluded_lines": [], "start_line": 445}, "AgentChain._format_strategy_response": {"executed_lines": [], "summary": {"covered_lines": 0, "num_statements": 3, "percent_covered": 0.0, "percent_covered_display": "0", "missing_lines": 3, "excluded_lines": 0, "percent_statements_covered": 0.0, "percent_statements_covered_display": "0"}, "missing_lines": [476, 477, 478], "excluded_lines": [], "start_line": 474}, "get_chain": {"executed_lines": [], "summary": {"covered_lines": 0, "num_statements": 3, "percent_covered": 0.0, "percent_covered_display": "0", "missing_lines": 3, "excluded_lines": 0, "percent_statements_covered": 0.0, "percent_statements_covered_display": "0"}, "missing_lines": [491, 492, 493], "excluded_lines": [], "start_line": 488}, "": {"executed_lines": [], "summary": {"covered_lines": 0, "num_statements": 63, "percent_covered": 0.0, "percent_covered_display": "0", "missing_lines": 63, "excluded_lines": 0, "percent_statements_covered": 0.0, "percent_statements_covered_display": "0"}, "missing_lines": [5, 6, 7, 8, 10, 14, 15, 18, 20, 21, 22, 23, 24, 27, 28, 30, 31, 32, 33, 34, 35, 36, 37, 40, 53, 61, 62, 67, 68, 73, 74, 79, 80, 85, 86, 91, 169, 209, 279, 306, 350, 368, 387, 406, 428, 445, 474, 485, 488, 500, 501, 502, 503, 505, 507, 508, 509, 511, 513, 514, 515, 516, 517], "excluded_lines": [], "start_line": 1}}, "classes": {"TaskType": {"executed_lines": [], "summary": {"covered_lines": 0, "num_statements": 0, "percent_covered": 100.0, "percent_covered_display": "100", "missing_lines": 0, "excluded_lines": 0, "percent_statements_covered": 100.0, "percent_statements_covered_display": "100"}, "missing_lines": [], "excluded_lines": [], "start_line": 18}, "ChainResult": {"executed_lines": [], "summary": {"covered_lines": 0, "num_statements": 0, "percent_covered": 100.0, "percent_covered_display": "100", "missing_lines": 0, "excluded_lines": 0, "percent_statements_covered": 100.0, "percent_statements_covered_display": "100"}, "missing_lines": [], "excluded_lines": [], "start_line": 28}, "AgentChain": {"executed_lines": [], "summary": {"covered_lines": 0, "num_statements": 174, "percent_covered": 0.0, "percent_covered_display": "0", "missing_lines": 174, "excluded_lines": 0, "percent_statements_covered": 0.0, "percent_statements_covered_display": "0"}, "missing_lines": [54, 55, 56, 57, 58, 59, 63, 64, 65, 69, 70, 71, 75, 76, 77, 81, 82, 83, 87, 88, 89, 102, 105, 106, 108, 110, 112, 114, 115, 116, 118, 130, 131, 140, 141, 144, 145, 146, 147, 148, 149, 152, 160, 161, 162, 171, 172, 173, 176, 183, 189, 194, 196, 197, 198, 200, 201, 202, 203, 204, 205, 207, 219, 220, 221, 225, 227, 238, 239, 249, 250, 254, 256, 267, 269, 288, 289, 290, 292, 298, 314, 317, 319, 320, 321, 322, 323, 326, 328, 330, 336, 342, 343, 352, 353, 355, 356, 357, 358, 360, 361, 362, 363, 365, 366, 370, 372, 373, 374, 375, 377, 378, 379, 380, 382, 383, 385, 389, 390, 392, 393, 394, 395, 396, 398, 399, 400, 401, 402, 404, 408, 410, 411, 412, 413, 415, 416, 417, 418, 420, 421, 423, 424, 426, 430, 432, 433, 435, 436, 437, 438, 440, 441, 443, 447, 450, 452, 453, 454, 455, 458, 459, 461, 462, 463, 464, 466, 467, 469, 470, 472, 476, 477, 478], "excluded_lines": [], "start_line": 40}, "": {"executed_lines": [], "summary": {"covered_lines": 0, "num_statements": 66, "percent_covered": 0.0, "percent_covered_display": "0", "missing_lines": 66, "excluded_lines": 0, "percent_statements_covered": 0.0, "percent_statements_covered_display": "0"}, "missing_lines": [5, 6, 7, 8, 10, 14, 15, 18, 20, 21, 22, 23, 24, 27, 28, 30, 31, 32, 33, 34, 35, 36, 37, 40, 53, 61, 62, 67, 68, 73, 74, 79, 80, 85, 86, 91, 169, 209, 279, 306, 350, 368, 387, 406, 428, 445, 474, 485, 488, 491, 492, 493, 500, 501, 502, 503, 505, 507, 508, 509, 511, 513, 514, 515, 516, 517], "excluded_lines": [], "start_line": 1}}}, "src\\core\\contracts.py": {"executed_lines": [11, 12, 13, 14, 15, 22, 23, 24, 25, 28, 29, 30, 31, 38, 40, 41, 42, 43, 45, 46, 60, 62, 63, 64, 67, 69, 70, 71, 72, 74, 75, 92, 94, 95, 96, 97, 98, 101, 103, 104, 105, 106, 107, 109, 110, 125, 127, 128, 129, 130, 131, 134, 136, 137, 138, 139, 141, 142, 159, 161, 162, 163, 164, 165, 168, 176, 177, 178, 179, 181, 182, 183, 185, 186, 187, 189, 190, 206, 208, 209, 210, 211, 218, 220, 221, 222, 223, 224, 226, 227, 242, 253, 255, 258, 260, 261, 262, 264, 265, 267, 293, 296, 297, 298, 301, 302, 303, 306, 309, 330, 331, 333, 335, 337, 338, 340, 342, 345, 346, 348, 349, 350, 352, 353, 355, 358, 360, 367, 374, 375, 376, 378, 379, 380, 381, 382, 383, 390], "summary": {"covered_lines": 138, "num_statements": 152, "percent_covered": 90.78947368421052, "percent_covered_display": "91", "missing_lines": 14, "excluded_lines": 0, "percent_statements_covered": 90.78947368421052, "percent_statements_covered_display": "91"}, "missing_lines": [391, 394, 401, 402, 403, 404, 407, 416, 417, 420, 421, 422, 424, 425], "excluded_lines": [], "functions": {"PMOutput.truncate_summary": {"executed_lines": [185, 186, 187], "summary": {"covered_lines": 3, "num_statements": 3, "percent_covered": 100.0, "percent_covered_display": "100", "missing_lines": 0, "excluded_lines": 0, "percent_statements_covered": 100.0, "percent_statements_covered_display": "100"}, "missing_lines": [], "excluded_lines": [], "start_line": 183}, "get_contract": {"executed_lines": [255], "summary": {"covered_lines": 1, "num_statements": 1, "percent_covered": 100.0, "percent_covered_display": "100", "missing_lines": 0, "excluded_lines": 0, "percent_statements_covered": 100.0, "percent_statements_covered_display": "100"}, "missing_lines": [], "excluded_lines": [], "start_line": 253}, "get_schema_prompt": {"executed_lines": [260, 261, 262, 264, 265, 267], "summary": {"covered_lines": 6, "num_statements": 6, "percent_covered": 100.0, "percent_covered_display": "100", "missing_lines": 0, "excluded_lines": 0, "percent_statements_covered": 100.0, "percent_statements_covered_display": "100"}, "missing_lines": [], "excluded_lines": [], "start_line": 258}, "extract_json_from_output": {"executed_lines": [296, 297, 298, 301, 302, 303, 306], "summary": {"covered_lines": 7, "num_statements": 7, "percent_covered": 100.0, "percent_covered_display": "100", "missing_lines": 0, "excluded_lines": 0, "percent_statements_covered": 100.0, "percent_statements_covered_display": "100"}, "missing_lines": [], "excluded_lines": [], "start_line": 293}, "run_with_contract": {"executed_lines": [330, 331, 333, 335, 337, 338, 340, 342, 345, 346, 348, 349, 350, 352, 353, 355], "summary": {"covered_lines": 16, "num_statements": 16, "percent_covered": 100.0, "percent_covered_display": "100", "missing_lines": 0, "excluded_lines": 0, "percent_statements_covered": 100.0, "percent_statements_covered_display": "100"}, "missing_lines": [], "excluded_lines": [], "start_line": 309}, "validate_output": {"executed_lines": [374, 375, 376, 378, 379, 380, 381, 382, 383], "summary": {"covered_lines": 9, "num_statements": 9, "percent_covered": 100.0, "percent_covered_display": "100", "missing_lines": 0, "excluded_lines": 0, "percent_statements_covered": 100.0, "percent_statements_covered_display": "100"}, "missing_lines": [], "excluded_lines": [], "start_line": 367}, "": {"executed_lines": [11, 12, 13, 14, 15, 22, 23, 24, 25, 28, 29, 30, 31, 38, 40, 41, 42, 43, 45, 46, 60, 62, 63, 64, 67, 69, 70, 71, 72, 74, 75, 92, 94, 95, 96, 97, 98, 101, 103, 104, 105, 106, 107, 109, 110, 125, 127, 128, 129, 130, 131, 134, 136, 137, 138, 139, 141, 142, 159, 161, 162, 163, 164, 165, 168, 176, 177, 178, 179, 181, 182, 183, 189, 190, 206, 208, 209, 210, 211, 218, 220, 221, 222, 223, 224, 226, 227, 242, 253, 258, 293, 309, 358, 360, 367, 390], "summary": {"covered_lines": 96, "num_statements": 110, "percent_covered": 87.27272727272727, "percent_covered_display": "87", "missing_lines": 14, "excluded_lines": 0, "percent_statements_covered": 87.27272727272727, "percent_statements_covered_display": "87"}, "missing_lines": [391, 394, 401, 402, 403, 404, 407, 416, 417, 420, 421, 422, 424, 425], "excluded_lines": [], "start_line": 1}}, "classes": {"Verdict": {"executed_lines": [], "summary": {"covered_lines": 0, "num_statements": 0, "percent_covered": 100.0, "percent_covered_display": "100", "missing_lines": 0, "excluded_lines": 0, "percent_statements_covered": 100.0, "percent_statements_covered_display": "100"}, "missing_lines": [], "excluded_lines": [], "start_line": 22}, "TestResult": {"executed_lines": [], "summary": {"covered_lines": 0, "num_statements": 0, "percent_covered": 100.0, "percent_covered_display": "100", "missing_lines": 0, "excluded_lines": 0, "percent_statements_covered": 100.0, "percent_statements_covered_display": "100"}, "missing_lines": [], "excluded_lines": [], "start_line": 28}, "CoderOutput": {"executed_lines": [], "summary": {"covered_lines": 0, "num_statements": 0, "percent_covered": 100.0, "percent_covered_display": "100", "missing_lines": 0, "excluded_lines": 0, "percent_statements_covered": 100.0, "percent_statements_covered_display": "100"}, "missing_lines": [], "excluded_lines": [], "start_line": 38}, "CoderOutput.Config": {"executed_lines": [], "summary": {"covered_lines": 0, "num_statements": 0, "percent_covered": 100.0, "percent_covered_display": "100", "missing_lines": 0, "excluded_lines": 0, "percent_statements_covered": 100.0, "percent_statements_covered_display": "100"}, "missing_lines": [], "excluded_lines": [], "start_line": 45}, "TestCase": {"executed_lines": [], "summary": {"covered_lines": 0, "num_statements": 0, "percent_covered": 100.0, "percent_covered_display": "100", "missing_lines": 0, "excluded_lines": 0, "percent_statements_covered": 100.0, "percent_statements_covered_display": "100"}, "missing_lines": [], "excluded_lines": [], "start_line": 60}, "QAOutput": {"executed_lines": [], "summary": {"covered_lines": 0, "num_statements": 0, "percent_covered": 100.0, "percent_covered_display": "100", "missing_lines": 0, "excluded_lines": 0, "percent_statements_covered": 100.0, "percent_statements_covered_display": "100"}, "missing_lines": [], "excluded_lines": [], "start_line": 67}, "QAOutput.Config": {"executed_lines": [], "summary": {"covered_lines": 0, "num_statements": 0, "percent_covered": 100.0, "percent_covered_display": "100", "missing_lines": 0, "excluded_lines": 0, "percent_statements_covered": 100.0, "percent_statements_covered_display": "100"}, "missing_lines": [], "excluded_lines": [], "start_line": 74}, "Risk": {"executed_lines": [], "summary": {"covered_lines": 0, "num_statements": 0, "percent_covered": 100.0, "percent_covered_display": "100", "missing_lines": 0, "excluded_lines": 0, "percent_statements_covered": 100.0, "percent_statements_covered_display": "100"}, "missing_lines": [], "excluded_lines": [], "start_line": 92}, "ReviewerOutput": {"executed_lines": [], "summary": {"covered_lines": 0, "num_statements": 0, "percent_covered": 100.0, "percent_covered_display": "100", "missing_lines": 0, "excluded_lines": 0, "percent_statements_covered": 100.0, "percent_statements_covered_display": "100"}, "missing_lines": [], "excluded_lines": [], "start_line": 101}, "ReviewerOutput.Config": {"executed_lines": [], "summary": {"covered_lines": 0, "num_statements": 0, "percent_covered": 100.0, "percent_covered_display": "100", "missing_lines": 0, "excluded_lines": 0, "percent_statements_covered": 100.0, "percent_statements_covered_display": "100"}, "missing_lines": [], "excluded_lines": [], "start_line": 109}, "Option": {"executed_lines": [], "summary": {"covered_lines": 0, "num_statements": 0, "percent_covered": 100.0, "percent_covered_display": "100", "missing_lines": 0, "excluded_lines": 0, "percent_statements_covered": 100.0, "percent_statements_covered_display": "100"}, "missing_lines": [], "excluded_lines": [], "start_line": 125}, "StrategistOutput": {"executed_lines": [], "summary": {"covered_lines": 0, "num_statements": 0, "percent_covered": 100.0, "percent_covered_display": "100", "missing_lines": 0, "excluded_lines": 0, "percent_statements_covered": 100.0, "percent_statements_covered_display": "100"}, "missing_lines": [], "excluded_lines": [], "start_line": 134}, "StrategistOutput.Config": {"executed_lines": [], "summary": {"covered_lines": 0, "num_statements": 0, "percent_covered": 100.0, "percent_covered_display": "100", "missing_lines": 0, "excluded_lines": 0, "percent_statements_covered": 100.0, "percent_statements_covered_display": "100"}, "missing_lines": [], "excluded_lines": [], "start_line": 141}, "TaskSpec": {"executed_lines": [], "summary": {"covered_lines": 0, "num_statements": 0, "percent_covered": 100.0, "percent_covered_display": "100", "missing_lines": 0, "excluded_lines": 0, "percent_statements_covered": 100.0, "percent_statements_covered_display": "100"}, "missing_lines": [], "excluded_lines": [], "start_line": 159}, "PMOutput": {"executed_lines": [185, 186, 187], "summary": {"covered_lines": 3, "num_statements": 3, "percent_covered": 100.0, "percent_covered_display": "100", "missing_lines": 0, "excluded_lines": 0, "percent_statements_covered": 100.0, "percent_statements_covered_display": "100"}, "missing_lines": [], "excluded_lines": [], "start_line": 168}, "PMOutput.Config": {"executed_lines": [], "summary": {"covered_lines": 0, "num_statements": 0, "percent_covered": 100.0, "percent_covered_display": "100", "missing_lines": 0, "excluded_lines": 0, "percent_statements_covered": 100.0, "percent_statements_covered_display": "100"}, "missing_lines": [], "excluded_lines": [], "start_line": 189}, "CouncilMemberOutput": {"executed_lines": [], "summary": {"covered_lines": 0, "num_statements": 0, "percent_covered": 100.0, "percent_covered_display": "100", "missing_lines": 0, "excluded_lines": 0, "percent_statements_covered": 100.0, "percent_statements_covered_display": "100"}, "missing_lines": [], "excluded_lines": [], "start_line": 206}, "DocumentorOutput": {"executed_lines": [], "summary": {"covered_lines": 0, "num_statements": 0, "percent_covered": 100.0, "percent_covered_display": "100", "missing_lines": 0, "excluded_lines": 0, "percent_statements_covered": 100.0, "percent_statements_covered_display": "100"}, "missing_lines": [], "excluded_lines": [], "start_line": 218}, "DocumentorOutput.Config": {"executed_lines": [], "summary": {"covered_lines": 0, "num_statements": 0, "percent_covered": 100.0, "percent_covered_display": "100", "missing_lines": 0, "excluded_lines": 0, "percent_statements_covered": 100.0, "percent_statements_covered_display": "100"}, "missing_lines": [], "excluded_lines": [], "start_line": 226}, "FormatGateError": {"executed_lines": [], "summary": {"covered_lines": 0, "num_statements": 0, "percent_covered": 100.0, "percent_covered_display": "100", "missing_lines": 0, "excluded_lines": 0, "percent_statements_covered": 100.0, "percent_statements_covered_display": "100"}, "missing_lines": [], "excluded_lines": [], "start_line": 358}, "": {"executed_lines": [11, 12, 13, 14, 15, 22, 23, 24, 25, 28, 29, 30, 31, 38, 40, 41, 42, 43, 45, 46, 60, 62, 63, 64, 67, 69, 70, 71, 72, 74, 75, 92, 94, 95, 96, 97, 98, 101, 103, 104, 105, 106, 107, 109, 110, 125, 127, 128, 129, 130, 131, 134, 136, 137, 138, 139, 141, 142, 159, 161, 162, 163, 164, 165, 168, 176, 177, 178, 179, 181, 182, 183, 189, 190, 206, 208, 209, 210, 211, 218, 220, 221, 222, 223, 224, 226, 227, 242, 253, 255, 258, 260, 261, 262, 264, 265, 267, 293, 296, 297, 298, 301, 302, 303, 306, 309, 330, 331, 333, 335, 337, 338, 340, 342, 345, 346, 348, 349, 350, 352, 353, 355, 358, 360, 367, 374, 375, 376, 378, 379, 380, 381, 382, 383, 390], "summary": {"covered_lines": 135, "num_statements": 149, "percent_covered": 90.60402684563758, "percent_covered_display": "91", "missing_lines": 14, "excluded_lines": 0, "percent_statements_covered": 90.60402684563758, "percent_statements_covered_display": "91"}, "missing_lines": [391, 394, 401, 402, 403, 404, 407, 416, 417, 420, 421, 422, 424, 425], "excluded_lines": [], "start_line": 1}}}, "src\\core\\decision_machine.py": {"executed_lines": [10, 11, 12, 13, 20, 22, 23, 24, 25, 26, 33, 42, 50, 52, 53, 56, 58, 59, 60, 61, 62, 63, 68, 70, 71, 72, 73, 74, 75, 76, 79, 81, 82, 83, 84, 85, 86, 87, 88, 95, 96, 102, 103, 104, 105, 106, 108, 109, 122, 133, 143, 154, 164, 165, 169, 179, 180, 181, 182, 185, 186, 188, 190, 193, 194, 196, 197, 199, 200, 209, 216, 218, 219, 221, 222, 223, 225, 227, 235, 237, 245, 252, 254, 262, 263, 264, 265, 266, 267, 268, 269, 271, 273, 275, 282, 289, 295, 296, 297, 298, 300, 301, 302, 303, 306, 308, 314, 317, 318, 319, 320, 321, 323, 324, 327, 329, 335, 337, 338, 339, 340, 342, 349, 352, 355, 356, 357, 364, 366, 369, 371, 372, 375, 377, 378, 385], "summary": {"covered_lines": 136, "num_statements": 158, "percent_covered": 86.07594936708861, "percent_covered_display": "86", "missing_lines": 22, "excluded_lines": 0, "percent_statements_covered": 86.07594936708861, "percent_statements_covered_display": "86"}, "missing_lines": [386, 388, 391, 399, 400, 403, 409, 410, 413, 419, 420, 423, 424, 431, 432, 433, 436, 437, 443, 444, 445, 447], "excluded_lines": [], "functions": {"is_valid_transition": {"executed_lines": [52, 53], "summary": {"covered_lines": 2, "num_statements": 2, "percent_covered": 100.0, "percent_covered_display": "100", "missing_lines": 0, "excluded_lines": 0, "percent_statements_covered": 100.0, "percent_statements_covered_display": "100"}, "missing_lines": [], "excluded_lines": [], "start_line": 50}, "get_forbidden_reason": {"executed_lines": [58, 59, 60, 61, 62, 63], "summary": {"covered_lines": 6, "num_statements": 6, "percent_covered": 100.0, "percent_covered_display": "100", "missing_lines": 0, "excluded_lines": 0, "percent_statements_covered": 100.0, "percent_statements_covered_display": "100"}, "missing_lines": [], "excluded_lines": [], "start_line": 56}, "DecisionOutput.to_dict": {"executed_lines": [109], "summary": {"covered_lines": 1, "num_statements": 1, "percent_covered": 100.0, "percent_covered_display": "100", "missing_lines": 0, "excluded_lines": 0, "percent_statements_covered": 100.0, "percent_statements_covered_display": "100"}, "missing_lines": [], "excluded_lines": [], "start_line": 108}, "PMDecisionMachine.__init__": {"executed_lines": [165], "summary": {"covered_lines": 1, "num_statements": 1, "percent_covered": 100.0, "percent_covered_display": "100", "missing_lines": 0, "excluded_lines": 0, "percent_statements_covered": 100.0, "percent_statements_covered_display": "100"}, "missing_lines": [], "excluded_lines": [], "start_line": 164}, "PMDecisionMachine.process": {"executed_lines": [179, 180, 181, 182, 185, 186, 188, 190, 193, 194, 196, 197, 199, 200, 209], "summary": {"covered_lines": 15, "num_statements": 15, "percent_covered": 100.0, "percent_covered_display": "100", "missing_lines": 0, "excluded_lines": 0, "percent_statements_covered": 100.0, "percent_statements_covered_display": "100"}, "missing_lines": [], "excluded_lines": [], "start_line": 169}, "PMDecisionMachine._validate_summary": {"executed_lines": [218, 219, 221, 222, 223, 225], "summary": {"covered_lines": 6, "num_statements": 6, "percent_covered": 100.0, "percent_covered_display": "100", "missing_lines": 0, "excluded_lines": 0, "percent_statements_covered": 100.0, "percent_statements_covered_display": "100"}, "missing_lines": [], "excluded_lines": [], "start_line": 216}, "PMDecisionMachine._build_escalate_decision": {"executed_lines": [235, 237], "summary": {"covered_lines": 2, "num_statements": 2, "percent_covered": 100.0, "percent_covered_display": "100", "missing_lines": 0, "excluded_lines": 0, "percent_statements_covered": 100.0, "percent_statements_covered_display": "100"}, "missing_lines": [], "excluded_lines": [], "start_line": 227}, "PMDecisionMachine._build_dispatch_decision": {"executed_lines": [252, 254, 262, 263, 264, 265, 266, 267, 268, 269, 271, 273, 275, 282], "summary": {"covered_lines": 14, "num_statements": 14, "percent_covered": 100.0, "percent_covered_display": "100", "missing_lines": 0, "excluded_lines": 0, "percent_statements_covered": 100.0, "percent_statements_covered_display": "100"}, "missing_lines": [], "excluded_lines": [], "start_line": 245}, "PMDecisionMachine._infer_escalation_reason": {"executed_lines": [295, 296, 297, 298, 300, 301, 302, 303, 306], "summary": {"covered_lines": 9, "num_statements": 9, "percent_covered": 100.0, "percent_covered_display": "100", "missing_lines": 0, "excluded_lines": 0, "percent_statements_covered": 100.0, "percent_statements_covered_display": "100"}, "missing_lines": [], "excluded_lines": [], "start_line": 289}, "PMDecisionMachine.infer_agent_from_prompt": {"executed_lines": [314, 317, 318, 319, 320, 321, 323, 324, 327], "summary": {"covered_lines": 9, "num_statements": 9, "percent_covered": 100.0, "percent_covered_display": "100", "missing_lines": 0, "excluded_lines": 0, "percent_statements_covered": 100.0, "percent_statements_covered_display": "100"}, "missing_lines": [], "excluded_lines": [], "start_line": 308}, "PMDecisionMachine.should_escalate": {"executed_lines": [335, 337, 338, 339, 340, 342], "summary": {"covered_lines": 6, "num_statements": 6, "percent_covered": 100.0, "percent_covered_display": "100", "missing_lines": 0, "excluded_lines": 0, "percent_statements_covered": 100.0, "percent_statements_covered_display": "100"}, "missing_lines": [], "excluded_lines": [], "start_line": 329}, "get_decision_machine": {"executed_lines": [355, 356, 357], "summary": {"covered_lines": 3, "num_statements": 3, "percent_covered": 100.0, "percent_covered_display": "100", "missing_lines": 0, "excluded_lines": 0, "percent_statements_covered": 100.0, "percent_statements_covered_display": "100"}, "missing_lines": [], "excluded_lines": [], "start_line": 352}, "process_pm_output": {"executed_lines": [366], "summary": {"covered_lines": 1, "num_statements": 1, "percent_covered": 100.0, "percent_covered_display": "100", "missing_lines": 0, "excluded_lines": 0, "percent_statements_covered": 100.0, "percent_statements_covered_display": "100"}, "missing_lines": [], "excluded_lines": [], "start_line": 364}, "infer_agent": {"executed_lines": [371, 372], "summary": {"covered_lines": 2, "num_statements": 2, "percent_covered": 100.0, "percent_covered_display": "100", "missing_lines": 0, "excluded_lines": 0, "percent_statements_covered": 100.0, "percent_statements_covered_display": "100"}, "missing_lines": [], "excluded_lines": [], "start_line": 369}, "check_escalation": {"executed_lines": [377, 378], "summary": {"covered_lines": 2, "num_statements": 2, "percent_covered": 100.0, "percent_covered_display": "100", "missing_lines": 0, "excluded_lines": 0, "percent_statements_covered": 100.0, "percent_statements_covered_display": "100"}, "missing_lines": [], "excluded_lines": [], "start_line": 375}, "": {"executed_lines": [10, 11, 12, 13, 20, 22, 23, 24, 25, 26, 33, 42, 50, 56, 68, 70, 71, 72, 73, 74, 75, 76, 79, 81, 82, 83, 84, 85, 86, 87, 88, 95, 96, 102, 103, 104, 105, 106, 108, 122, 133, 143, 154, 164, 169, 216, 227, 245, 289, 308, 329, 349, 352, 364, 369, 375, 385], "summary": {"covered_lines": 57, "num_statements": 79, "percent_covered": 72.15189873417721, "percent_covered_display": "72", "missing_lines": 22, "excluded_lines": 0, "percent_statements_covered": 72.15189873417721, "percent_statements_covered_display": "72"}, "missing_lines": [386, 388, 391, 399, 400, 403, 409, 410, 413, 419, 420, 423, 424, 431, 432, 433, 436, 437, 443, 444, 445, 447], "excluded_lines": [], "start_line": 1}}, "classes": {"PMDecision": {"executed_lines": [], "summary": {"covered_lines": 0, "num_statements": 0, "percent_covered": 100.0, "percent_covered_display": "100", "missing_lines": 0, "excluded_lines": 0, "percent_statements_covered": 100.0, "percent_statements_covered_display": "100"}, "missing_lines": [], "excluded_lines": [], "start_line": 20}, "DispatchTarget": {"executed_lines": [], "summary": {"covered_lines": 0, "num_statements": 0, "percent_covered": 100.0, "percent_covered_display": "100", "missing_lines": 0, "excluded_lines": 0, "percent_statements_covered": 100.0, "percent_statements_covered_display": "100"}, "missing_lines": [], "excluded_lines": [], "start_line": 68}, "EscalationReason": {"executed_lines": [], "summary": {"covered_lines": 0, "num_statements": 0, "percent_covered": 100.0, "percent_covered_display": "100", "missing_lines": 0, "excluded_lines": 0, "percent_statements_covered": 100.0, "percent_statements_covered_display": "100"}, "missing_lines": [], "excluded_lines": [], "start_line": 79}, "DecisionOutput": {"executed_lines": [109], "summary": {"covered_lines": 1, "num_statements": 1, "percent_covered": 100.0, "percent_covered_display": "100", "missing_lines": 0, "excluded_lines": 0, "percent_statements_covered": 100.0, "percent_statements_covered_display": "100"}, "missing_lines": [], "excluded_lines": [], "start_line": 96}, "PMDecisionMachine": {"executed_lines": [165, 179, 180, 181, 182, 185, 186, 188, 190, 193, 194, 196, 197, 199, 200, 209, 218, 219, 221, 222, 223, 225, 235, 237, 252, 254, 262, 263, 264, 265, 266, 267, 268, 269, 271, 273, 275, 282, 295, 296, 297, 298, 300, 301, 302, 303, 306, 314, 317, 318, 319, 320, 321, 323, 324, 327, 335, 337, 338, 339, 340, 342], "summary": {"covered_lines": 62, "num_statements": 62, "percent_covered": 100.0, "percent_covered_display": "100", "missing_lines": 0, "excluded_lines": 0, "percent_statements_covered": 100.0, "percent_statements_covered_display": "100"}, "missing_lines": [], "excluded_lines": [], "start_line": 122}, "": {"executed_lines": [10, 11, 12, 13, 20, 22, 23, 24, 25, 26, 33, 42, 50, 52, 53, 56, 58, 59, 60, 61, 62, 63, 68, 70, 71, 72, 73, 74, 75, 76, 79, 81, 82, 83, 84, 85, 86, 87, 88, 95, 96, 102, 103, 104, 105, 106, 108, 122, 133, 143, 154, 164, 169, 216, 227, 245, 289, 308, 329, 349, 352, 355, 356, 357, 364, 366, 369, 371, 372, 375, 377, 378, 385], "summary": {"covered_lines": 73, "num_statements": 95, "percent_covered": 76.84210526315789, "percent_covered_display": "77", "missing_lines": 22, "excluded_lines": 0, "percent_statements_covered": 76.84210526315789, "percent_statements_covered_display": "77"}, "missing_lines": [386, 388, 391, 399, 400, 403, 409, 410, 413, 419, 420, 423, 424, 431, 432, 433, 436, 437, 443, 444, 445, 447], "excluded_lines": [], "start_line": 1}}}, "src\\core\\llm_caller.py": {"executed_lines": [], "summary": {"covered_lines": 0, "num_statements": 699, "percent_covered": 0.0, "percent_covered_display": "0", "missing_lines": 699, "excluded_lines": 0, "percent_statements_covered": 0.0, "percent_statements_covered_display": "0"}, "missing_lines": [16, 17, 18, 19, 20, 21, 23, 24, 27, 28, 29, 31, 38, 41, 44, 59, 65, 77, 78, 79, 81, 82, 83, 84, 87, 88, 89, 92, 93, 94, 96, 97, 98, 101, 102, 103, 104, 105, 106, 107, 108, 110, 111, 112, 113, 114, 115, 116, 119, 120, 125, 126, 127, 128, 129, 131, 132, 133, 134, 136, 137, 138, 139, 140, 141, 142, 143, 144, 145, 148, 149, 150, 151, 153, 166, 215, 232, 242, 243, 244, 245, 246, 247, 248, 255, 272, 274, 277, 279, 282, 293, 294, 295, 298, 299, 301, 302, 305, 307, 311, 312, 313, 321, 328, 336, 337, 338, 340, 341, 342, 345, 352, 353, 354, 355, 357, 358, 359, 360, 362, 373, 374, 375, 376, 377, 379, 381, 382, 384, 389, 390, 391, 392, 394, 395, 398, 399, 400, 401, 402, 404, 405, 406, 409, 429, 430, 431, 433, 434, 436, 437, 438, 439, 440, 442, 443, 445, 448, 449, 450, 451, 458, 459, 460, 462, 465, 467, 468, 469, 471, 472, 474, 475, 476, 483, 484, 485, 492, 502, 503, 505, 513, 527, 533, 534, 537, 538, 539, 540, 541, 542, 545, 546, 547, 548, 549, 550, 551, 554, 564, 584, 585, 586, 587, 588, 590, 591, 592, 593, 594, 596, 597, 598, 601, 602, 606, 607, 610, 611, 612, 614, 616, 661, 662, 663, 665, 666, 671, 672, 674, 675, 678, 679, 691, 694, 695, 709, 719, 720, 722, 740, 741, 744, 748, 749, 752, 753, 756, 768, 771, 793, 794, 795, 797, 798, 804, 805, 807, 809, 810, 813, 837, 840, 841, 842, 845, 846, 848, 850, 851, 854, 855, 858, 860, 861, 863, 864, 865, 868, 869, 871, 873, 881, 882, 883, 886, 887, 890, 906, 908, 909, 910, 911, 913, 914, 915, 916, 917, 920, 921, 923, 924, 927, 953, 954, 955, 957, 958, 961, 974, 983, 984, 986, 996, 1008, 1010, 1012, 1015, 1022, 1023, 1025, 1026, 1027, 1030, 1032, 1033, 1036, 1037, 1039, 1041, 1049, 1052, 1054, 1057, 1064, 1066, 1069, 1070, 1071, 1073, 1075, 1076, 1077, 1080, 1105, 1106, 1108, 1109, 1114, 1115, 1116, 1119, 1120, 1121, 1124, 1125, 1126, 1131, 1132, 1133, 1134, 1135, 1141, 1142, 1143, 1144, 1145, 1148, 1149, 1151, 1152, 1153, 1154, 1156, 1159, 1166, 1167, 1169, 1171, 1172, 1173, 1174, 1175, 1176, 1179, 1180, 1181, 1182, 1184, 1187, 1211, 1213, 1216, 1217, 1219, 1220, 1228, 1247, 1248, 1251, 1259, 1268, 1278, 1279, 1280, 1281, 1282, 1283, 1285, 1287, 1288, 1289, 1290, 1291, 1293, 1295, 1296, 1298, 1299, 1301, 1302, 1304, 1305, 1307, 1309, 1320, 1323, 1324, 1325, 1326, 1327, 1330, 1331, 1332, 1333, 1334, 1337, 1338, 1339, 1340, 1341, 1342, 1345, 1347, 1349, 1351, 1368, 1370, 1374, 1377, 1380, 1381, 1382, 1385, 1387, 1394, 1405, 1406, 1407, 1408, 1409, 1410, 1411, 1414, 1444, 1449, 1450, 1452, 1453, 1454, 1466, 1467, 1468, 1470, 1471, 1474, 1475, 1476, 1477, 1480, 1481, 1482, 1484, 1485, 1488, 1496, 1497, 1499, 1500, 1501, 1504, 1505, 1510, 1513, 1514, 1515, 1516, 1519, 1520, 1521, 1522, 1529, 1531, 1532, 1534, 1535, 1537, 1546, 1547, 1548, 1549, 1550, 1551, 1556, 1557, 1558, 1559, 1560, 1569, 1571, 1572, 1573, 1575, 1576, 1577, 1580, 1582, 1583, 1589, 1590, 1591, 1596, 1599, 1600, 1605, 1606, 1607, 1610, 1611, 1613, 1614, 1616, 1618, 1619, 1620, 1621, 1626, 1629, 1630, 1631, 1634, 1635, 1637, 1643, 1644, 1645, 1648, 1649, 1650, 1653, 1663, 1664, 1665, 1667, 1668, 1669, 1671, 1672, 1673, 1679, 1680, 1681, 1683, 1684, 1685, 1688, 1689, 1690, 1691, 1692, 1693, 1694, 1696, 1704, 1705, 1712, 1713, 1715, 1716, 1718, 1719, 1720, 1721, 1723, 1724, 1725, 1726, 1728, 1731, 1733, 1734, 1735, 1736, 1738, 1739, 1754, 1760, 1762, 1764, 1765, 1766, 1768, 1769, 1770, 1772, 1773, 1774, 1775, 1776, 1777, 1778, 1779, 1780, 1782, 1783, 1785, 1795, 1807, 1810, 1813, 1823, 1824, 1825, 1831, 1832, 1833, 1835, 1836, 1838, 1847, 1848, 1849, 1850, 1851, 1852, 1853, 1854, 1856, 1857, 1858, 1861, 1862, 1865, 1866, 1867, 1868, 1869, 1871, 1872, 1873, 1876, 1887, 1888, 1891, 1892, 1895, 1896, 1897, 1900, 1901, 1902, 1903, 1904, 1906, 1914, 1915, 1917, 1919, 1922, 1925, 1926, 1927, 1928, 1929, 1931, 1937, 1939, 1942, 1944, 1946, 1947, 1948, 1949, 1950, 1952, 1953, 1956, 1958, 1984], "excluded_lines": [], "functions": {"collect_project_context": {"executed_lines": [], "summary": {"covered_lines": 0, "num_statements": 57, "percent_covered": 0.0, "percent_covered_display": "0", "missing_lines": 57, "excluded_lines": 0, "percent_statements_covered": 0.0, "percent_statements_covered_display": "0"}, "missing_lines": [77, 78, 79, 81, 82, 83, 84, 87, 88, 89, 92, 93, 94, 96, 97, 98, 101, 102, 103, 104, 105, 106, 107, 108, 110, 111, 112, 113, 114, 115, 116, 119, 120, 125, 126, 127, 128, 129, 131, 132, 133, 134, 136, 137, 138, 139, 140, 141, 142, 143, 144, 145, 148, 149, 150, 151, 153], "excluded_lines": [], "start_line": 65}, "call_anthropic": {"executed_lines": [], "summary": {"covered_lines": 0, "num_statements": 3, "percent_covered": 0.0, "percent_covered_display": "0", "missing_lines": 3, "excluded_lines": 0, "percent_statements_covered": 0.0, "percent_statements_covered_display": "0"}, "missing_lines": [274, 277, 279], "excluded_lines": [], "start_line": 272}, "call_openai": {"executed_lines": [], "summary": {"covered_lines": 0, "num_statements": 20, "percent_covered": 0.0, "percent_covered_display": "0", "missing_lines": 20, "excluded_lines": 0, "percent_statements_covered": 0.0, "percent_statements_covered_display": "0"}, "missing_lines": [293, 294, 295, 298, 299, 301, 302, 305, 307, 311, 312, 313, 321, 328, 336, 337, 338, 340, 341, 342], "excluded_lines": [], "start_line": 282}, "call_google": {"executed_lines": [], "summary": {"covered_lines": 0, "num_statements": 32, "percent_covered": 0.0, "percent_covered_display": "0", "missing_lines": 32, "excluded_lines": 0, "percent_statements_covered": 0.0, "percent_statements_covered_display": "0"}, "missing_lines": [352, 353, 354, 355, 357, 358, 359, 360, 362, 373, 374, 375, 376, 377, 379, 381, 382, 384, 389, 390, 391, 392, 394, 395, 398, 399, 400, 401, 402, 404, 405, 406], "excluded_lines": [], "start_line": 345}, "call_llm": {"executed_lines": [], "summary": {"covered_lines": 0, "num_statements": 21, "percent_covered": 0.0, "percent_covered_display": "0", "missing_lines": 21, "excluded_lines": 0, "percent_statements_covered": 0.0, "percent_statements_covered_display": "0"}, "missing_lines": [429, 430, 431, 433, 434, 436, 437, 438, 439, 440, 442, 443, 445, 448, 449, 450, 451, 458, 459, 460, 462], "excluded_lines": [], "start_line": 409}, "call_dual_engine": {"executed_lines": [], "summary": {"covered_lines": 0, "num_statements": 15, "percent_covered": 0.0, "percent_covered_display": "0", "missing_lines": 15, "excluded_lines": 0, "percent_statements_covered": 0.0, "percent_statements_covered_display": "0"}, "missing_lines": [467, 468, 469, 471, 472, 474, 475, 476, 483, 484, 485, 492, 502, 503, 505], "excluded_lines": [], "start_line": 465}, "_extract_json_from_text": {"executed_lines": [], "summary": {"covered_lines": 0, "num_statements": 16, "percent_covered": 0.0, "percent_covered_display": "0", "missing_lines": 16, "excluded_lines": 0, "percent_statements_covered": 0.0, "percent_statements_covered_display": "0"}, "missing_lines": [533, 534, 537, 538, 539, 540, 541, 542, 545, 546, 547, 548, 549, 550, 551, 554], "excluded_lines": [], "start_line": 527}, "dual_engine_write_audit_rewrite": {"executed_lines": [], "summary": {"covered_lines": 0, "num_statements": 49, "percent_covered": 0.0, "percent_covered_display": "0", "missing_lines": 49, "excluded_lines": 0, "percent_statements_covered": 0.0, "percent_statements_covered_display": "0"}, "missing_lines": [584, 585, 586, 587, 588, 590, 591, 592, 593, 594, 596, 597, 598, 601, 602, 606, 607, 610, 611, 612, 614, 616, 661, 662, 663, 665, 666, 671, 672, 674, 675, 678, 679, 691, 694, 695, 709, 719, 720, 722, 740, 741, 744, 748, 749, 752, 753, 756, 768], "excluded_lines": [], "start_line": 564}, "_call_model_or_cli": {"executed_lines": [], "summary": {"covered_lines": 0, "num_statements": 10, "percent_covered": 0.0, "percent_covered_display": "0", "missing_lines": 10, "excluded_lines": 0, "percent_statements_covered": 0.0, "percent_statements_covered_display": "0"}, "missing_lines": [793, 794, 795, 797, 798, 804, 805, 807, 809, 810], "excluded_lines": [], "start_line": 771}, "_call_with_contract": {"executed_lines": [], "summary": {"covered_lines": 0, "num_statements": 26, "percent_covered": 0.0, "percent_covered_display": "0", "missing_lines": 26, "excluded_lines": 0, "percent_statements_covered": 0.0, "percent_statements_covered_display": "0"}, "missing_lines": [837, 840, 841, 842, 845, 846, 848, 850, 851, 854, 855, 858, 860, 861, 863, 864, 865, 868, 869, 871, 873, 881, 882, 883, 886, 887], "excluded_lines": [], "start_line": 813}, "call_dual_engine_v2": {"executed_lines": [], "summary": {"covered_lines": 0, "num_statements": 25, "percent_covered": 0.0, "percent_covered_display": "0", "missing_lines": 25, "excluded_lines": 0, "percent_statements_covered": 0.0, "percent_statements_covered_display": "0"}, "missing_lines": [906, 908, 909, 910, 911, 913, 914, 915, 916, 917, 920, 921, 923, 924, 927, 953, 954, 955, 957, 958, 961, 974, 983, 984, 986], "excluded_lines": [], "start_line": 890}, "call_council_llm": {"executed_lines": [], "summary": {"covered_lines": 0, "num_statements": 9, "percent_covered": 0.0, "percent_covered_display": "0", "missing_lines": 9, "excluded_lines": 0, "percent_statements_covered": 0.0, "percent_statements_covered_display": "0"}, "missing_lines": [1008, 1010, 1012, 1015, 1022, 1023, 1025, 1026, 1027], "excluded_lines": [], "start_line": 996}, "init_council_with_llm": {"executed_lines": [], "summary": {"covered_lines": 0, "num_statements": 9, "percent_covered": 0.0, "percent_covered_display": "0", "missing_lines": 9, "excluded_lines": 0, "percent_statements_covered": 0.0, "percent_statements_covered_display": "0"}, "missing_lines": [1032, 1033, 1036, 1037, 1039, 1041, 1075, 1076, 1077], "excluded_lines": [], "start_line": 1030}, "init_council_with_llm.council_cli_caller": {"executed_lines": [], "summary": {"covered_lines": 0, "num_statements": 3, "percent_covered": 0.0, "percent_covered_display": "0", "missing_lines": 3, "excluded_lines": 0, "percent_statements_covered": 0.0, "percent_statements_covered_display": "0"}, "missing_lines": [1049, 1052, 1073], "excluded_lines": [], "start_line": 1041}, "init_council_with_llm.council_cli_caller.sync_cli_call": {"executed_lines": [], "summary": {"covered_lines": 0, "num_statements": 7, "percent_covered": 0.0, "percent_covered_display": "0", "missing_lines": 7, "excluded_lines": 0, "percent_statements_covered": 0.0, "percent_statements_covered_display": "0"}, "missing_lines": [1054, 1057, 1064, 1066, 1069, 1070, 1071], "excluded_lines": [], "start_line": 1052}, "should_convene_council": {"executed_lines": [], "summary": {"covered_lines": 0, "num_statements": 30, "percent_covered": 0.0, "percent_covered_display": "0", "missing_lines": 30, "excluded_lines": 0, "percent_statements_covered": 0.0, "percent_statements_covered_display": "0"}, "missing_lines": [1105, 1106, 1108, 1109, 1114, 1115, 1116, 1119, 1120, 1121, 1124, 1125, 1126, 1131, 1132, 1133, 1134, 1135, 1141, 1142, 1143, 1144, 1145, 1148, 1149, 1151, 1152, 1153, 1154, 1156], "excluded_lines": [], "start_line": 1080}, "_determine_trigger_source": {"executed_lines": [], "summary": {"covered_lines": 0, "num_statements": 14, "percent_covered": 0.0, "percent_covered_display": "0", "missing_lines": 14, "excluded_lines": 0, "percent_statements_covered": 0.0, "percent_statements_covered_display": "0"}, "missing_lines": [1166, 1167, 1169, 1171, 1172, 1173, 1174, 1175, 1176, 1179, 1180, 1181, 1182, 1184], "excluded_lines": [], "start_line": 1159}, "convene_council_async": {"executed_lines": [], "summary": {"covered_lines": 0, "num_statements": 9, "percent_covered": 0.0, "percent_covered_display": "0", "missing_lines": 9, "excluded_lines": 0, "percent_statements_covered": 0.0, "percent_statements_covered_display": "0"}, "missing_lines": [1211, 1213, 1216, 1217, 1219, 1220, 1228, 1247, 1248], "excluded_lines": [], "start_line": 1187}, "convene_council_sync": {"executed_lines": [], "summary": {"covered_lines": 0, "num_statements": 1, "percent_covered": 0.0, "percent_covered_display": "0", "missing_lines": 1, "excluded_lines": 0, "percent_statements_covered": 0.0, "percent_statements_covered_display": "0"}, "missing_lines": [1259], "excluded_lines": [], "start_line": 1251}, "LoopBreaker.__init__": {"executed_lines": [], "summary": {"covered_lines": 0, "num_statements": 5, "percent_covered": 0.0, "percent_covered_display": "0", "missing_lines": 5, "excluded_lines": 0, "percent_statements_covered": 0.0, "percent_statements_covered_display": "0"}, "missing_lines": [1279, 1280, 1281, 1282, 1283], "excluded_lines": [], "start_line": 1278}, "LoopBreaker.reset": {"executed_lines": [], "summary": {"covered_lines": 0, "num_statements": 5, "percent_covered": 0.0, "percent_covered_display": "0", "missing_lines": 5, "excluded_lines": 0, "percent_statements_covered": 0.0, "percent_statements_covered_display": "0"}, "missing_lines": [1287, 1288, 1289, 1290, 1291], "excluded_lines": [], "start_line": 1285}, "LoopBreaker._calculate_similarity": {"executed_lines": [], "summary": {"covered_lines": 0, "num_statements": 9, "percent_covered": 0.0, "percent_covered_display": "0", "missing_lines": 9, "excluded_lines": 0, "percent_statements_covered": 0.0, "percent_statements_covered_display": "0"}, "missing_lines": [1295, 1296, 1298, 1299, 1301, 1302, 1304, 1305, 1307], "excluded_lines": [], "start_line": 1293}, "LoopBreaker.check_and_update": {"executed_lines": [], "summary": {"covered_lines": 0, "num_statements": 19, "percent_covered": 0.0, "percent_covered_display": "0", "missing_lines": 19, "excluded_lines": 0, "percent_statements_covered": 0.0, "percent_statements_covered_display": "0"}, "missing_lines": [1320, 1323, 1324, 1325, 1326, 1327, 1330, 1331, 1332, 1333, 1334, 1337, 1338, 1339, 1340, 1341, 1342, 1345, 1347], "excluded_lines": [], "start_line": 1309}, "LoopBreaker.get_escalation_message": {"executed_lines": [], "summary": {"covered_lines": 0, "num_statements": 1, "percent_covered": 0.0, "percent_covered_display": "0", "missing_lines": 1, "excluded_lines": 0, "percent_statements_covered": 0.0, "percent_statements_covered_display": "0"}, "missing_lines": [1351], "excluded_lines": [], "start_line": 1349}, "LoopBreaker.should_escalate_to_ceo": {"executed_lines": [], "summary": {"covered_lines": 0, "num_statements": 1, "percent_covered": 0.0, "percent_covered_display": "0", "missing_lines": 1, "excluded_lines": 0, "percent_statements_covered": 0.0, "percent_statements_covered_display": "0"}, "missing_lines": [1370], "excluded_lines": [], "start_line": 1368}, "get_loop_breaker": {"executed_lines": [], "summary": {"covered_lines": 0, "num_statements": 3, "percent_covered": 0.0, "percent_covered_display": "0", "missing_lines": 3, "excluded_lines": 0, "percent_statements_covered": 0.0, "percent_statements_covered_display": "0"}, "missing_lines": [1380, 1381, 1382], "excluded_lines": [], "start_line": 1377}, "check_loop": {"executed_lines": [], "summary": {"covered_lines": 0, "num_statements": 1, "percent_covered": 0.0, "percent_covered_display": "0", "missing_lines": 1, "excluded_lines": 0, "percent_statements_covered": 0.0, "percent_statements_covered_display": "0"}, "missing_lines": [1387], "excluded_lines": [], "start_line": 1385}, "extract_project_from_message": {"executed_lines": [], "summary": {"covered_lines": 0, "num_statements": 7, "percent_covered": 0.0, "percent_covered_display": "0", "missing_lines": 7, "excluded_lines": 0, "percent_statements_covered": 0.0, "percent_statements_covered_display": "0"}, "missing_lines": [1405, 1406, 1407, 1408, 1409, 1410, 1411], "excluded_lines": [], "start_line": 1394}, "call_agent": {"executed_lines": [], "summary": {"covered_lines": 0, "num_statements": 196, "percent_covered": 0.0, "percent_covered_display": "0", "missing_lines": 196, "excluded_lines": 0, "percent_statements_covered": 0.0, "percent_statements_covered_display": "0"}, "missing_lines": [1444, 1449, 1450, 1452, 1453, 1454, 1466, 1467, 1468, 1470, 1471, 1474, 1475, 1476, 1477, 1480, 1481, 1482, 1484, 1485, 1488, 1496, 1497, 1499, 1500, 1501, 1504, 1505, 1510, 1513, 1514, 1515, 1516, 1519, 1520, 1521, 1522, 1529, 1531, 1532, 1534, 1535, 1537, 1546, 1547, 1548, 1549, 1550, 1551, 1556, 1557, 1558, 1559, 1560, 1569, 1571, 1572, 1573, 1575, 1576, 1577, 1580, 1582, 1583, 1589, 1590, 1591, 1596, 1599, 1600, 1605, 1606, 1607, 1610, 1611, 1613, 1614, 1616, 1618, 1619, 1620, 1621, 1626, 1629, 1630, 1631, 1634, 1635, 1637, 1643, 1644, 1645, 1648, 1649, 1650, 1653, 1663, 1664, 1665, 1667, 1668, 1669, 1671, 1672, 1673, 1679, 1680, 1681, 1683, 1684, 1685, 1688, 1689, 1690, 1691, 1692, 1693, 1694, 1696, 1704, 1705, 1712, 1713, 1715, 1716, 1718, 1719, 1720, 1721, 1723, 1724, 1725, 1726, 1728, 1731, 1733, 1734, 1735, 1736, 1738, 1739, 1754, 1760, 1762, 1764, 1765, 1766, 1768, 1769, 1770, 1772, 1773, 1774, 1775, 1776, 1777, 1778, 1779, 1780, 1782, 1783, 1785, 1795, 1807, 1810, 1813, 1823, 1824, 1825, 1831, 1832, 1833, 1835, 1836, 1838, 1847, 1848, 1849, 1850, 1851, 1852, 1853, 1854, 1856, 1857, 1858, 1861, 1862, 1865, 1866, 1867, 1868, 1869, 1871, 1872, 1873], "excluded_lines": [], "start_line": 1414}, "process_call_tags": {"executed_lines": [], "summary": {"covered_lines": 0, "num_statements": 26, "percent_covered": 0.0, "percent_covered_display": "0", "missing_lines": 26, "excluded_lines": 0, "percent_statements_covered": 0.0, "percent_statements_covered_display": "0"}, "missing_lines": [1887, 1888, 1891, 1892, 1895, 1896, 1897, 1900, 1901, 1902, 1903, 1904, 1906, 1914, 1915, 1917, 1919, 1922, 1925, 1926, 1927, 1928, 1929, 1931, 1937, 1939], "excluded_lines": [], "start_line": 1876}, "build_call_results_prompt": {"executed_lines": [], "summary": {"covered_lines": 0, "num_statements": 8, "percent_covered": 0.0, "percent_covered_display": "0", "missing_lines": 8, "excluded_lines": 0, "percent_statements_covered": 0.0, "percent_statements_covered_display": "0"}, "missing_lines": [1944, 1946, 1947, 1948, 1949, 1950, 1952, 1953], "excluded_lines": [], "start_line": 1942}, "mock_agent_response": {"executed_lines": [], "summary": {"covered_lines": 0, "num_statements": 2, "percent_covered": 0.0, "percent_covered_display": "0", "missing_lines": 2, "excluded_lines": 0, "percent_statements_covered": 0.0, "percent_statements_covered_display": "0"}, "missing_lines": [1958, 1984], "excluded_lines": [], "start_line": 1956}, "": {"executed_lines": [], "summary": {"covered_lines": 0, "num_statements": 60, "percent_covered": 0.0, "percent_covered_display": "0", "missing_lines": 60, "excluded_lines": 0, "percent_statements_covered": 0.0, "percent_statements_covered_display": "0"}, "missing_lines": [16, 17, 18, 19, 20, 21, 23, 24, 27, 28, 29, 31, 38, 41, 44, 59, 65, 166, 215, 232, 242, 243, 244, 245, 246, 247, 248, 255, 272, 282, 345, 409, 465, 513, 527, 564, 771, 813, 890, 996, 1030, 1080, 1159, 1187, 1251, 1268, 1278, 1285, 1293, 1309, 1349, 1368, 1374, 1377, 1385, 1394, 1414, 1876, 1942, 1956], "excluded_lines": [], "start_line": 1}}, "classes": {"LoopBreaker": {"executed_lines": [], "summary": {"covered_lines": 0, "num_statements": 40, "percent_covered": 0.0, "percent_covered_display": "0", "missing_lines": 40, "excluded_lines": 0, "percent_statements_covered": 0.0, "percent_statements_covered_display": "0"}, "missing_lines": [1279, 1280, 1281, 1282, 1283, 1287, 1288, 1289, 1290, 1291, 1295, 1296, 1298, 1299, 1301, 1302, 1304, 1305, 1307, 1320, 1323, 1324, 1325, 1326, 1327, 1330, 1331, 1332, 1333, 1334, 1337, 1338, 1339, 1340, 1341, 1342, 1345, 1347, 1351, 1370], "excluded_lines": [], "start_line": 1268}, "": {"executed_lines": [], "summary": {"covered_lines": 0, "num_statements": 659, "percent_covered": 0.0, "percent_covered_display": "0", "missing_lines": 659, "excluded_lines": 0, "percent_statements_covered": 0.0, "percent_statements_covered_display": "0"}, "missing_lines": [16, 17, 18, 19, 20, 21, 23, 24, 27, 28, 29, 31, 38, 41, 44, 59, 65, 77, 78, 79, 81, 82, 83, 84, 87, 88, 89, 92, 93, 94, 96, 97, 98, 101, 102, 103, 104, 105, 106, 107, 108, 110, 111, 112, 113, 114, 115, 116, 119, 120, 125, 126, 127, 128, 129, 131, 132, 133, 134, 136, 137, 138, 139, 140, 141, 142, 143, 144, 145, 148, 149, 150, 151, 153, 166, 215, 232, 242, 243, 244, 245, 246, 247, 248, 255, 272, 274, 277, 279, 282, 293, 294, 295, 298, 299, 301, 302, 305, 307, 311, 312, 313, 321, 328, 336, 337, 338, 340, 341, 342, 345, 352, 353, 354, 355, 357, 358, 359, 360, 362, 373, 374, 375, 376, 377, 379, 381, 382, 384, 389, 390, 391, 392, 394, 395, 398, 399, 400, 401, 402, 404, 405, 406, 409, 429, 430, 431, 433, 434, 436, 437, 438, 439, 440, 442, 443, 445, 448, 449, 450, 451, 458, 459, 460, 462, 465, 467, 468, 469, 471, 472, 474, 475, 476, 483, 484, 485, 492, 502, 503, 505, 513, 527, 533, 534, 537, 538, 539, 540, 541, 542, 545, 546, 547, 548, 549, 550, 551, 554, 564, 584, 585, 586, 587, 588, 590, 591, 592, 593, 594, 596, 597, 598, 601, 602, 606, 607, 610, 611, 612, 614, 616, 661, 662, 663, 665, 666, 671, 672, 674, 675, 678, 679, 691, 694, 695, 709, 719, 720, 722, 740, 741, 744, 748, 749, 752, 753, 756, 768, 771, 793, 794, 795, 797, 798, 804, 805, 807, 809, 810, 813, 837, 840, 841, 842, 845, 846, 848, 850, 851, 854, 855, 858, 860, 861, 863, 864, 865, 868, 869, 871, 873, 881, 882, 883, 886, 887, 890, 906, 908, 909, 910, 911, 913, 914, 915, 916, 917, 920, 921, 923, 924, 927, 953, 954, 955, 957, 958, 961, 974, 983, 984, 986, 996, 1008, 1010, 1012, 1015, 1022, 1023, 1025, 1026, 1027, 1030, 1032, 1033, 1036, 1037, 1039, 1041, 1049, 1052, 1054, 1057, 1064, 1066, 1069, 1070, 1071, 1073, 1075, 1076, 1077, 1080, 1105, 1106, 1108, 1109, 1114, 1115, 1116, 1119, 1120, 1121, 1124, 1125, 1126, 1131, 1132, 1133, 1134, 1135, 1141, 1142, 1143, 1144, 1145, 1148, 1149, 1151, 1152, 1153, 1154, 1156, 1159, 1166, 1167, 1169, 1171, 1172, 1173, 1174, 1175, 1176, 1179, 1180, 1181, 1182, 1184, 1187, 1211, 1213, 1216, 1217, 1219, 1220, 1228, 1247, 1248, 1251, 1259, 1268, 1278, 1285, 1293, 1309, 1349, 1368, 1374, 1377, 1380, 1381, 1382, 1385, 1387, 1394, 1405, 1406, 1407, 1408, 1409, 1410, 1411, 1414, 1444, 1449, 1450, 1452, 1453, 1454, 1466, 1467, 1468, 1470, 1471, 1474, 1475, 1476, 1477, 1480, 1481, 1482, 1484, 1485, 1488, 1496, 1497, 1499, 1500, 1501, 1504, 1505, 1510, 1513, 1514, 1515, 1516, 1519, 1520, 1521, 1522, 1529, 1531, 1532, 1534, 1535, 1537, 1546, 1547, 1548, 1549, 1550, 1551, 1556, 1557, 1558, 1559, 1560, 1569, 1571, 1572, 1573, 1575, 1576, 1577, 1580, 1582, 1583, 1589, 1590, 1591, 1596, 1599, 1600, 1605, 1606, 1607, 1610, 1611, 1613, 1614, 1616, 1618, 1619, 1620, 1621, 1626, 1629, 1630, 1631, 1634, 1635, 1637, 1643, 1644, 1645, 1648, 1649, 1650, 1653, 1663, 1664, 1665, 1667, 1668, 1669, 1671, 1672, 1673, 1679, 1680, 1681, 1683, 1684, 1685, 1688, 1689, 1690, 1691, 1692, 1693, 1694, 1696, 1704, 1705, 1712, 1713, 1715, 1716, 1718, 1719, 1720, 1721, 1723, 1724, 1725, 1726, 1728, 1731, 1733, 1734, 1735, 1736, 1738, 1739, 1754, 1760, 1762, 1764, 1765, 1766, 1768, 1769, 1770, 1772, 1773, 1774, 1775, 1776, 1777, 1778, 1779, 1780, 1782, 1783, 1785, 1795, 1807, 1810, 1813, 1823, 1824, 1825, 1831, 1832, 1833, 1835, 1836, 1838, 1847, 1848, 1849, 1850, 1851, 1852, 1853, 1854, 1856, 1857, 1858, 1861, 1862, 1865, 1866, 1867, 1868, 1869, 1871, 1872, 1873, 1876, 1887, 1888, 1891, 1892, 1895, 1896, 1897, 1900, 1901, 1902, 1903, 1904, 1906, 1914, 1915, 1917, 1919, 1922, 1925, 1926, 1927, 1928, 1929, 1931, 1937, 1939, 1942, 1944, 1946, 1947, 1948, 1949, 1950, 1952, 1953, 1956, 1958, 1984], "excluded_lines": [], "start_line": 1}}}, "src\\core\\orchestrator.py": {"executed_lines": [], "summary": {"covered_lines": 0, "num_statements": 81, "percent_covered": 0.0, "percent_covered_display": "0", "missing_lines": 81, "excluded_lines": 0, "percent_statements_covered": 0.0, "percent_statements_covered_display": "0"}, "missing_lines": [5, 6, 8, 14, 15, 17, 18, 19, 20, 21, 22, 25, 36, 37, 38, 39, 41, 52, 53, 55, 56, 65, 66, 67, 71, 72, 73, 76, 77, 85, 93, 95, 113, 124, 125, 127, 128, 129, 130, 133, 141, 143, 145, 147, 149, 156, 158, 160, 162, 164, 165, 167, 168, 169, 170, 171, 173, 176, 177, 178, 179, 181, 182, 183, 184, 185, 186, 187, 189, 191, 192, 193, 194, 195, 196, 198, 200, 201, 202, 205, 206], "excluded_lines": [], "functions": {"Orchestrator.__init__": {"executed_lines": [], "summary": {"covered_lines": 0, "num_statements": 3, "percent_covered": 0.0, "percent_covered_display": "0", "missing_lines": 3, "excluded_lines": 0, "percent_statements_covered": 0.0, "percent_statements_covered_display": "0"}, "missing_lines": [37, 38, 39], "excluded_lines": [], "start_line": 36}, "Orchestrator.process_request": {"executed_lines": [], "summary": {"covered_lines": 0, "num_statements": 13, "percent_covered": 0.0, "percent_covered_display": "0", "missing_lines": 13, "excluded_lines": 0, "percent_statements_covered": 0.0, "percent_statements_covered_display": "0"}, "missing_lines": [52, 53, 55, 56, 65, 66, 67, 71, 72, 73, 76, 77, 85], "excluded_lines": [], "start_line": 41}, "Orchestrator._build_pm_prompt": {"executed_lines": [], "summary": {"covered_lines": 0, "num_statements": 1, "percent_covered": 0.0, "percent_covered_display": "0", "missing_lines": 1, "excluded_lines": 0, "percent_statements_covered": 0.0, "percent_statements_covered_display": "0"}, "missing_lines": [95], "excluded_lines": [], "start_line": 93}, "Orchestrator.review_code": {"executed_lines": [], "summary": {"covered_lines": 0, "num_statements": 8, "percent_covered": 0.0, "percent_covered_display": "0", "missing_lines": 8, "excluded_lines": 0, "percent_statements_covered": 0.0, "percent_statements_covered_display": "0"}, "missing_lines": [124, 125, 127, 128, 129, 130, 133, 141], "excluded_lines": [], "start_line": 113}, "Orchestrator.get_project_context": {"executed_lines": [], "summary": {"covered_lines": 0, "num_statements": 1, "percent_covered": 0.0, "percent_covered_display": "0", "missing_lines": 1, "excluded_lines": 0, "percent_statements_covered": 0.0, "percent_statements_covered_display": "0"}, "missing_lines": [145], "excluded_lines": [], "start_line": 143}, "Orchestrator.search_history": {"executed_lines": [], "summary": {"covered_lines": 0, "num_statements": 1, "percent_covered": 0.0, "percent_covered_display": "0", "missing_lines": 1, "excluded_lines": 0, "percent_statements_covered": 0.0, "percent_statements_covered_display": "0"}, "missing_lines": [149], "excluded_lines": [], "start_line": 147}, "main": {"executed_lines": [], "summary": {"covered_lines": 0, "num_statements": 33, "percent_covered": 0.0, "percent_covered_display": "0", "missing_lines": 33, "excluded_lines": 0, "percent_statements_covered": 0.0, "percent_statements_covered_display": "0"}, "missing_lines": [158, 160, 162, 164, 165, 167, 168, 169, 170, 171, 173, 176, 177, 178, 179, 181, 182, 183, 184, 185, 186, 187, 189, 191, 192, 193, 194, 195, 196, 198, 200, 201, 202], "excluded_lines": [], "start_line": 156}, "": {"executed_lines": [], "summary": {"covered_lines": 0, "num_statements": 21, "percent_covered": 0.0, "percent_covered_display": "0", "missing_lines": 21, "excluded_lines": 0, "percent_statements_covered": 0.0, "percent_statements_covered_display": "0"}, "missing_lines": [5, 6, 8, 14, 15, 17, 18, 19, 20, 21, 22, 25, 36, 41, 93, 113, 143, 147, 156, 205, 206], "excluded_lines": [], "start_line": 1}}, "classes": {"WorkflowResult": {"executed_lines": [], "summary": {"covered_lines": 0, "num_statements": 0, "percent_covered": 100.0, "percent_covered_display": "100", "missing_lines": 0, "excluded_lines": 0, "percent_statements_covered": 100.0, "percent_statements_covered_display": "100"}, "missing_lines": [], "excluded_lines": [], "start_line": 15}, "Orchestrator": {"executed_lines": [], "summary": {"covered_lines": 0, "num_statements": 27, "percent_covered": 0.0, "percent_covered_display": "0", "missing_lines": 27, "excluded_lines": 0, "percent_statements_covered": 0.0, "percent_statements_covered_display": "0"}, "missing_lines": [37, 38, 39, 52, 53, 55, 56, 65, 66, 67, 71, 72, 73, 76, 77, 85, 95, 124, 125, 127, 128, 129, 130, 133, 141, 145, 149], "excluded_lines": [], "start_line": 25}, "": {"executed_lines": [], "summary": {"covered_lines": 0, "num_statements": 54, "percent_covered": 0.0, "percent_covered_display": "0", "missing_lines": 54, "excluded_lines": 0, "percent_statements_covered": 0.0, "percent_statements_covered_display": "0"}, "missing_lines": [5, 6, 8, 14, 15, 17, 18, 19, 20, 21, 22, 25, 36, 41, 93, 113, 143, 147, 156, 158, 160, 162, 164, 165, 167, 168, 169, 170, 171, 173, 176, 177, 178, 179, 181, 182, 183, 184, 185, 186, 187, 189, 191, 192, 193, 194, 195, 196, 198, 200, 201, 202, 205, 206], "excluded_lines": [], "start_line": 1}}}, "src\\core\\router.py": {"executed_lines": [25, 26, 27, 28, 29, 30, 33, 35, 36, 37, 38, 39, 40, 41, 44, 46, 47, 48, 49, 52, 54, 55, 56, 57, 58, 59, 60, 63, 64, 66, 67, 68, 69, 70, 71, 72, 73, 74, 75, 78, 79, 81, 82, 83, 84, 85, 86, 87, 90, 101, 107, 120, 133, 146, 160, 175, 176, 181, 208, 216, 224, 231, 238, 247, 273, 274, 278, 279, 280, 281, 289, 290, 298, 299, 307, 308, 317, 318, 320, 322, 330, 331, 340, 341, 349, 350, 352, 359, 368, 369, 374, 384, 386, 388, 390, 392, 394, 395, 396, 398, 403, 404, 405, 406, 408, 410, 412, 414, 423, 425, 427, 436, 438, 441, 442, 443, 449, 458, 460, 461, 462, 463, 464, 465, 466, 467, 468, 470, 472, 473, 476, 477, 478, 485, 489, 491, 498, 499, 500, 501, 503, 505, 507, 509, 510, 513, 514, 516, 517, 519, 527, 528, 529, 530, 537, 538, 539, 541, 543, 545, 546, 548, 554, 555, 556, 557, 559, 560, 563, 564, 565, 566, 567, 568, 575, 576, 577, 579, 581, 583, 585, 586, 587, 589, 596, 597, 598, 599, 601, 602, 608, 610, 617, 624, 625, 626, 629, 630, 631, 632, 633, 634, 641, 642, 643, 646, 647, 648, 649, 650, 652, 654, 656, 658, 677, 679, 715, 717, 724, 734, 737, 740, 741, 742, 745, 747, 750, 757, 758, 759, 760, 767], "summary": {"covered_lines": 232, "num_statements": 251, "percent_covered": 92.43027888446215, "percent_covered_display": "92", "missing_lines": 19, "excluded_lines": 0, "percent_statements_covered": 92.43027888446215, "percent_statements_covered_display": "92"}, "missing_lines": [487, 768, 770, 772, 773, 774, 776, 798, 799, 800, 801, 802, 803, 804, 805, 806, 808, 809, 810], "excluded_lines": [], "functions": {"HattzRouter.__init__": {"executed_lines": [107, 120, 133, 146, 160, 175, 176, 181, 208, 216, 224, 231, 238], "summary": {"covered_lines": 13, "num_statements": 13, "percent_covered": 100.0, "percent_covered_display": "100", "missing_lines": 0, "excluded_lines": 0, "percent_statements_covered": 100.0, "percent_statements_covered_display": "100"}, "missing_lines": [], "excluded_lines": [], "start_line": 101}, "HattzRouter.route_traffic": {"executed_lines": [273, 274, 278, 279, 280, 281, 289, 290, 298, 299, 307, 308, 317, 318, 320, 322, 330, 331, 340, 341, 349, 350, 352], "summary": {"covered_lines": 23, "num_statements": 23, "percent_covered": 100.0, "percent_covered_display": "100", "missing_lines": 0, "excluded_lines": 0, "percent_statements_covered": 100.0, "percent_statements_covered_display": "100"}, "missing_lines": [], "excluded_lines": [], "start_line": 247}, "HattzRouter._create_decision": {"executed_lines": [368, 369, 374], "summary": {"covered_lines": 3, "num_statements": 3, "percent_covered": 100.0, "percent_covered_display": "100", "missing_lines": 0, "excluded_lines": 0, "percent_statements_covered": 100.0, "percent_statements_covered_display": "100"}, "missing_lines": [], "excluded_lines": [], "start_line": 359}, "HattzRouter._is_high_risk": {"executed_lines": [386], "summary": {"covered_lines": 1, "num_statements": 1, "percent_covered": 100.0, "percent_covered_display": "100", "missing_lines": 0, "excluded_lines": 0, "percent_statements_covered": 100.0, "percent_statements_covered_display": "100"}, "missing_lines": [], "excluded_lines": [], "start_line": 384}, "HattzRouter._has_exec_intent": {"executed_lines": [390], "summary": {"covered_lines": 1, "num_statements": 1, "percent_covered": 100.0, "percent_covered_display": "100", "missing_lines": 0, "excluded_lines": 0, "percent_statements_covered": 100.0, "percent_statements_covered_display": "100"}, "missing_lines": [], "excluded_lines": [], "start_line": 388}, "HattzRouter._looks_like_code": {"executed_lines": [394, 395, 396], "summary": {"covered_lines": 3, "num_statements": 3, "percent_covered": 100.0, "percent_covered_display": "100", "missing_lines": 0, "excluded_lines": 0, "percent_statements_covered": 100.0, "percent_statements_covered_display": "100"}, "missing_lines": [], "excluded_lines": [], "start_line": 392}, "HattzRouter._has_error_context": {"executed_lines": [403, 404, 405, 406], "summary": {"covered_lines": 4, "num_statements": 4, "percent_covered": 100.0, "percent_covered_display": "100", "missing_lines": 0, "excluded_lines": 0, "percent_statements_covered": 100.0, "percent_statements_covered_display": "100"}, "missing_lines": [], "excluded_lines": [], "start_line": 398}, "HattzRouter._is_research": {"executed_lines": [410], "summary": {"covered_lines": 1, "num_statements": 1, "percent_covered": 100.0, "percent_covered_display": "100", "missing_lines": 0, "excluded_lines": 0, "percent_statements_covered": 100.0, "percent_statements_covered_display": "100"}, "missing_lines": [], "excluded_lines": [], "start_line": 408}, "HattzRouter._get_model_by_tier": {"executed_lines": [414, 423], "summary": {"covered_lines": 2, "num_statements": 2, "percent_covered": 100.0, "percent_covered_display": "100", "missing_lines": 0, "excluded_lines": 0, "percent_statements_covered": 100.0, "percent_statements_covered_display": "100"}, "missing_lines": [], "excluded_lines": [], "start_line": 412}, "HattzRouter._get_escalation_model": {"executed_lines": [427, 436], "summary": {"covered_lines": 2, "num_statements": 2, "percent_covered": 100.0, "percent_covered_display": "100", "missing_lines": 0, "excluded_lines": 0, "percent_statements_covered": 100.0, "percent_statements_covered_display": "100"}, "missing_lines": [], "excluded_lines": [], "start_line": 425}, "HattzRouter._get_fallback": {"executed_lines": [441, 442, 443], "summary": {"covered_lines": 3, "num_statements": 3, "percent_covered": 100.0, "percent_covered_display": "100", "missing_lines": 0, "excluded_lines": 0, "percent_statements_covered": 100.0, "percent_statements_covered_display": "100"}, "missing_lines": [], "excluded_lines": [], "start_line": 438}, "HattzRouter.call_model": {"executed_lines": [458, 460, 461, 462, 463, 464, 465, 466, 467, 468, 470, 472, 473, 476, 477, 478, 485], "summary": {"covered_lines": 17, "num_statements": 18, "percent_covered": 94.44444444444444, "percent_covered_display": "94", "missing_lines": 1, "excluded_lines": 0, "percent_statements_covered": 94.44444444444444, "percent_statements_covered_display": "94"}, "missing_lines": [487], "excluded_lines": [], "start_line": 449}, "HattzRouter._call_anthropic": {"executed_lines": [491, 498, 499, 500, 501, 503, 505], "summary": {"covered_lines": 7, "num_statements": 7, "percent_covered": 100.0, "percent_covered_display": "100", "missing_lines": 0, "excluded_lines": 0, "percent_statements_covered": 100.0, "percent_statements_covered_display": "100"}, "missing_lines": [], "excluded_lines": [], "start_line": 489}, "HattzRouter._call_openai": {"executed_lines": [509, 510, 513, 514, 516, 517, 519, 527, 528, 529, 530, 537, 538, 539, 541], "summary": {"covered_lines": 15, "num_statements": 15, "percent_covered": 100.0, "percent_covered_display": "100", "missing_lines": 0, "excluded_lines": 0, "percent_statements_covered": 100.0, "percent_statements_covered_display": "100"}, "missing_lines": [], "excluded_lines": [], "start_line": 507}, "HattzRouter._call_google": {"executed_lines": [545, 546, 548, 554, 555, 556, 557, 559, 560, 563, 564, 565, 566, 567, 568, 575, 576, 577, 579], "summary": {"covered_lines": 19, "num_statements": 19, "percent_covered": 100.0, "percent_covered_display": "100", "missing_lines": 0, "excluded_lines": 0, "percent_statements_covered": 100.0, "percent_statements_covered_display": "100"}, "missing_lines": [], "excluded_lines": [], "start_line": 543}, "HattzRouter._call_perplexity": {"executed_lines": [583, 585, 586, 587, 589, 596, 597, 598, 599, 601, 602, 608, 610, 617, 624, 625, 626, 629, 630, 631, 632, 633, 634, 641, 642, 643, 646, 647, 648, 649, 650, 652, 654], "summary": {"covered_lines": 33, "num_statements": 33, "percent_covered": 100.0, "percent_covered_display": "100", "missing_lines": 0, "excluded_lines": 0, "percent_statements_covered": 100.0, "percent_statements_covered_display": "100"}, "missing_lines": [], "excluded_lines": [], "start_line": 581}, "HattzRouter._get_thinking_prefix": {"executed_lines": [658], "summary": {"covered_lines": 1, "num_statements": 1, "percent_covered": 100.0, "percent_covered_display": "100", "missing_lines": 0, "excluded_lines": 0, "percent_statements_covered": 100.0, "percent_statements_covered_display": "100"}, "missing_lines": [], "excluded_lines": [], "start_line": 656}, "HattzRouter.get_stats": {"executed_lines": [679], "summary": {"covered_lines": 1, "num_statements": 1, "percent_covered": 100.0, "percent_covered_display": "100", "missing_lines": 0, "excluded_lines": 0, "percent_statements_covered": 100.0, "percent_statements_covered_display": "100"}, "missing_lines": [], "excluded_lines": [], "start_line": 677}, "HattzRouter.estimate_cost": {"executed_lines": [717, 724], "summary": {"covered_lines": 2, "num_statements": 2, "percent_covered": 100.0, "percent_covered_display": "100", "missing_lines": 0, "excluded_lines": 0, "percent_statements_covered": 100.0, "percent_statements_covered_display": "100"}, "missing_lines": [], "excluded_lines": [], "start_line": 715}, "get_router": {"executed_lines": [740, 741, 742], "summary": {"covered_lines": 3, "num_statements": 3, "percent_covered": 100.0, "percent_covered_display": "100", "missing_lines": 0, "excluded_lines": 0, "percent_statements_covered": 100.0, "percent_statements_covered_display": "100"}, "missing_lines": [], "excluded_lines": [], "start_line": 737}, "route_message": {"executed_lines": [747], "summary": {"covered_lines": 1, "num_statements": 1, "percent_covered": 100.0, "percent_covered_display": "100", "missing_lines": 0, "excluded_lines": 0, "percent_statements_covered": 100.0, "percent_statements_covered_display": "100"}, "missing_lines": [], "excluded_lines": [], "start_line": 745}, "route_and_call": {"executed_lines": [757, 758, 759, 760], "summary": {"covered_lines": 4, "num_statements": 4, "percent_covered": 100.0, "percent_covered_display": "100", "missing_lines": 0, "excluded_lines": 0, "percent_statements_covered": 100.0, "percent_statements_covered_display": "100"}, "missing_lines": [], "excluded_lines": [], "start_line": 750}, "": {"executed_lines": [25, 26, 27, 28, 29, 30, 33, 35, 36, 37, 38, 39, 40, 41, 44, 46, 47, 48, 49, 52, 54, 55, 56, 57, 58, 59, 60, 63, 64, 66, 67, 68, 69, 70, 71, 72, 73, 74, 75, 78, 79, 81, 82, 83, 84, 85, 86, 87, 90, 101, 247, 359, 384, 388, 392, 398, 408, 412, 425, 438, 449, 489, 507, 543, 581, 656, 677, 715, 734, 737, 745, 750, 767], "summary": {"covered_lines": 73, "num_statements": 91, "percent_covered": 80.21978021978022, "percent_covered_display": "80", "missing_lines": 18, "excluded_lines": 0, "percent_statements_covered": 80.21978021978022, "percent_statements_covered_display": "80"}, "missing_lines": [768, 770, 772, 773, 774, 776, 798, 799, 800, 801, 802, 803, 804, 805, 806, 808, 809, 810], "excluded_lines": [], "start_line": 1}}, "classes": {"TaskType": {"executed_lines": [], "summary": {"covered_lines": 0, "num_statements": 0, "percent_covered": 100.0, "percent_covered_display": "100", "missing_lines": 0, "excluded_lines": 0, "percent_statements_covered": 100.0, "percent_statements_covered_display": "100"}, "missing_lines": [], "excluded_lines": [], "start_line": 33}, "UrgencyLevel": {"executed_lines": [], "summary": {"covered_lines": 0, "num_statements": 0, "percent_covered": 100.0, "percent_covered_display": "100", "missing_lines": 0, "excluded_lines": 0, "percent_statements_covered": 100.0, "percent_statements_covered_display": "100"}, "missing_lines": [], "excluded_lines": [], "start_line": 44}, "ModelTier": {"executed_lines": [], "summary": {"covered_lines": 0, "num_statements": 0, "percent_covered": 100.0, "percent_covered_display": "100", "missing_lines": 0, "excluded_lines": 0, "percent_statements_covered": 100.0, "percent_statements_covered_display": "100"}, "missing_lines": [], "excluded_lines": [], "start_line": 52}, "ModelSpec": {"executed_lines": [], "summary": {"covered_lines": 0, "num_statements": 0, "percent_covered": 100.0, "percent_covered_display": "100", "missing_lines": 0, "excluded_lines": 0, "percent_statements_covered": 100.0, "percent_statements_covered_display": "100"}, "missing_lines": [], "excluded_lines": [], "start_line": 64}, "RoutingDecision": {"executed_lines": [], "summary": {"covered_lines": 0, "num_statements": 0, "percent_covered": 100.0, "percent_covered_display": "100", "missing_lines": 0, "excluded_lines": 0, "percent_statements_covered": 100.0, "percent_statements_covered_display": "100"}, "missing_lines": [], "excluded_lines": [], "start_line": 79}, "HattzRouter": {"executed_lines": [107, 120, 133, 146, 160, 175, 176, 181, 208, 216, 224, 231, 238, 273, 274, 278, 279, 280, 281, 289, 290, 298, 299, 307, 308, 317, 318, 320, 322, 330, 331, 340, 341, 349, 350, 352, 368, 369, 374, 386, 390, 394, 395, 396, 403, 404, 405, 406, 410, 414, 423, 427, 436, 441, 442, 443, 458, 460, 461, 462, 463, 464, 465, 466, 467, 468, 470, 472, 473, 476, 477, 478, 485, 491, 498, 499, 500, 501, 503, 505, 509, 510, 513, 514, 516, 517, 519, 527, 528, 529, 530, 537, 538, 539, 541, 545, 546, 548, 554, 555, 556, 557, 559, 560, 563, 564, 565, 566, 567, 568, 575, 576, 577, 579, 583, 585, 586, 587, 589, 596, 597, 598, 599, 601, 602, 608, 610, 617, 624, 625, 626, 629, 630, 631, 632, 633, 634, 641, 642, 643, 646, 647, 648, 649, 650, 652, 654, 658, 679, 717, 724], "summary": {"covered_lines": 151, "num_statements": 152, "percent_covered": 99.34210526315789, "percent_covered_display": "99", "missing_lines": 1, "excluded_lines": 0, "percent_statements_covered": 99.34210526315789, "percent_statements_covered_display": "99"}, "missing_lines": [487], "excluded_lines": [], "start_line": 90}, "": {"executed_lines": [25, 26, 27, 28, 29, 30, 33, 35, 36, 37, 38, 39, 40, 41, 44, 46, 47, 48, 49, 52, 54, 55, 56, 57, 58, 59, 60, 63, 64, 66, 67, 68, 69, 70, 71, 72, 73, 74, 75, 78, 79, 81, 82, 83, 84, 85, 86, 87, 90, 101, 247, 359, 384, 388, 392, 398, 408, 412, 425, 438, 449, 489, 507, 543, 581, 656, 677, 715, 734, 737, 740, 741, 742, 745, 747, 750, 757, 758, 759, 760, 767], "summary": {"covered_lines": 81, "num_statements": 99, "percent_covered": 81.81818181818181, "percent_covered_display": "82", "missing_lines": 18, "excluded_lines": 0, "percent_statements_covered": 81.81818181818181, "percent_statements_covered_display": "82"}, "missing_lines": [768, 770, 772, 773, 774, 776, 798, 799, 800, 801, 802, 803, 804, 805, 806, 808, 809, 810], "excluded_lines": [], "start_line": 1}}}, "src\\core\\session_manager.py": {"executed_lines": [], "summary": {"covered_lines": 0, "num_statements": 224, "percent_covered": 0.0, "percent_covered_display": "0", "missing_lines": 224, "excluded_lines": 0, "percent_statements_covered": 0.0, "percent_statements_covered_display": "0"}, "missing_lines": [13, 14, 15, 16, 17, 19, 20, 21, 22, 23, 26, 27, 29, 30, 31, 32, 33, 36, 37, 39, 40, 41, 42, 43, 44, 45, 46, 47, 48, 51, 63, 64, 65, 67, 68, 71, 73, 74, 77, 79, 81, 82, 83, 98, 100, 101, 102, 109, 111, 122, 123, 125, 135, 136, 138, 139, 140, 142, 161, 162, 164, 171, 173, 174, 176, 178, 194, 195, 197, 199, 200, 201, 202, 203, 204, 205, 206, 208, 209, 211, 213, 215, 216, 218, 219, 222, 223, 226, 227, 229, 230, 233, 255, 257, 259, 261, 262, 264, 267, 268, 270, 272, 273, 276, 277, 284, 287, 288, 289, 290, 292, 293, 294, 297, 298, 301, 302, 303, 304, 305, 308, 309, 310, 312, 314, 316, 317, 318, 319, 321, 323, 324, 325, 326, 328, 339, 340, 341, 342, 343, 344, 346, 347, 348, 351, 352, 354, 364, 376, 377, 379, 380, 382, 384, 385, 386, 388, 389, 392, 393, 394, 395, 400, 401, 403, 405, 407, 408, 410, 412, 413, 414, 415, 416, 417, 419, 421, 423, 424, 426, 427, 429, 430, 442, 449, 452, 455, 456, 457, 460, 462, 463, 464, 465, 472, 474, 476, 478, 479, 488, 490, 492, 493, 494, 495, 496, 497, 498, 499, 501, 502, 503, 504, 505, 507, 508, 509, 511, 512, 513, 515, 518, 521, 522], "excluded_lines": [], "functions": {"SessionManager.__init__": {"executed_lines": [], "summary": {"covered_lines": 0, "num_statements": 8, "percent_covered": 0.0, "percent_covered_display": "0", "missing_lines": 8, "excluded_lines": 0, "percent_statements_covered": 0.0, "percent_statements_covered_display": "0"}, "missing_lines": [64, 65, 67, 68, 71, 73, 74, 77], "excluded_lines": [], "start_line": 63}, "SessionManager._ensure_meta_files": {"executed_lines": [], "summary": {"covered_lines": 0, "num_statements": 8, "percent_covered": 0.0, "percent_covered_display": "0", "missing_lines": 8, "excluded_lines": 0, "percent_statements_covered": 0.0, "percent_statements_covered_display": "0"}, "missing_lines": [81, 82, 83, 98, 100, 101, 102, 109], "excluded_lines": [], "start_line": 79}, "SessionManager.start_session": {"executed_lines": [], "summary": {"covered_lines": 0, "num_statements": 8, "percent_covered": 0.0, "percent_covered_display": "0", "missing_lines": 8, "excluded_lines": 0, "percent_statements_covered": 0.0, "percent_statements_covered_display": "0"}, "missing_lines": [122, 123, 125, 135, 136, 138, 139, 140], "excluded_lines": [], "start_line": 111}, "SessionManager.add_message": {"executed_lines": [], "summary": {"covered_lines": 0, "num_statements": 7, "percent_covered": 0.0, "percent_covered_display": "0", "missing_lines": 7, "excluded_lines": 0, "percent_statements_covered": 0.0, "percent_statements_covered_display": "0"}, "missing_lines": [161, 162, 164, 171, 173, 174, 176], "excluded_lines": [], "start_line": 142}, "SessionManager.complete_session": {"executed_lines": [], "summary": {"covered_lines": 0, "num_statements": 14, "percent_covered": 0.0, "percent_covered_display": "0", "missing_lines": 14, "excluded_lines": 0, "percent_statements_covered": 0.0, "percent_statements_covered_display": "0"}, "missing_lines": [194, 195, 197, 199, 200, 201, 202, 203, 204, 205, 206, 208, 209, 211], "excluded_lines": [], "start_line": 178}, "SessionManager._save_session": {"executed_lines": [], "summary": {"covered_lines": 0, "num_statements": 13, "percent_covered": 0.0, "percent_covered_display": "0", "missing_lines": 13, "excluded_lines": 0, "percent_statements_covered": 0.0, "percent_statements_covered_display": "0"}, "missing_lines": [215, 216, 218, 219, 222, 223, 226, 227, 229, 230, 233, 255, 257], "excluded_lines": [], "start_line": 213}, "SessionManager._update_index": {"executed_lines": [], "summary": {"covered_lines": 0, "num_statements": 29, "percent_covered": 0.0, "percent_covered_display": "0", "missing_lines": 29, "excluded_lines": 0, "percent_statements_covered": 0.0, "percent_statements_covered_display": "0"}, "missing_lines": [261, 262, 264, 267, 268, 270, 272, 273, 276, 277, 284, 287, 288, 289, 290, 292, 293, 294, 297, 298, 301, 302, 303, 304, 305, 308, 309, 310, 312], "excluded_lines": [], "start_line": 259}, "SessionManager._write_yaml": {"executed_lines": [], "summary": {"covered_lines": 0, "num_statements": 4, "percent_covered": 0.0, "percent_covered_display": "0", "missing_lines": 4, "excluded_lines": 0, "percent_statements_covered": 0.0, "percent_statements_covered_display": "0"}, "missing_lines": [316, 317, 318, 319], "excluded_lines": [], "start_line": 314}, "SessionManager._read_yaml": {"executed_lines": [], "summary": {"covered_lines": 0, "num_statements": 4, "percent_covered": 0.0, "percent_covered_display": "0", "missing_lines": 4, "excluded_lines": 0, "percent_statements_covered": 0.0, "percent_statements_covered_display": "0"}, "missing_lines": [323, 324, 325, 326], "excluded_lines": [], "start_line": 321}, "SessionManager.load_session": {"executed_lines": [], "summary": {"covered_lines": 0, "num_statements": 17, "percent_covered": 0.0, "percent_covered_display": "0", "missing_lines": 17, "excluded_lines": 0, "percent_statements_covered": 0.0, "percent_statements_covered_display": "0"}, "missing_lines": [339, 340, 341, 342, 343, 344, 346, 347, 348, 351, 352, 354, 364, 376, 377, 379, 380], "excluded_lines": [], "start_line": 328}, "SessionManager.list_sessions": {"executed_lines": [], "summary": {"covered_lines": 0, "num_statements": 12, "percent_covered": 0.0, "percent_covered_display": "0", "missing_lines": 12, "excluded_lines": 0, "percent_statements_covered": 0.0, "percent_statements_covered_display": "0"}, "missing_lines": [384, 385, 386, 388, 389, 392, 393, 394, 395, 400, 401, 403], "excluded_lines": [], "start_line": 382}, "SessionManager.get_context": {"executed_lines": [], "summary": {"covered_lines": 0, "num_statements": 10, "percent_covered": 0.0, "percent_covered_display": "0", "missing_lines": 10, "excluded_lines": 0, "percent_statements_covered": 0.0, "percent_statements_covered_display": "0"}, "missing_lines": [407, 408, 410, 412, 413, 414, 415, 416, 417, 419], "excluded_lines": [], "start_line": 405}, "SessionManager.export_yaml": {"executed_lines": [], "summary": {"covered_lines": 0, "num_statements": 7, "percent_covered": 0.0, "percent_covered_display": "0", "missing_lines": 7, "excluded_lines": 0, "percent_statements_covered": 0.0, "percent_statements_covered_display": "0"}, "missing_lines": [423, 424, 426, 427, 429, 430, 442], "excluded_lines": [], "start_line": 421}, "get_session_manager": {"executed_lines": [], "summary": {"covered_lines": 0, "num_statements": 3, "percent_covered": 0.0, "percent_covered_display": "0", "missing_lines": 3, "excluded_lines": 0, "percent_statements_covered": 0.0, "percent_statements_covered_display": "0"}, "missing_lines": [455, 456, 457], "excluded_lines": [], "start_line": 452}, "quick_log": {"executed_lines": [], "summary": {"covered_lines": 0, "num_statements": 4, "percent_covered": 0.0, "percent_covered_display": "0", "missing_lines": 4, "excluded_lines": 0, "percent_statements_covered": 0.0, "percent_statements_covered_display": "0"}, "missing_lines": [462, 463, 464, 465], "excluded_lines": [], "start_line": 460}, "main": {"executed_lines": [], "summary": {"covered_lines": 0, "num_statements": 27, "percent_covered": 0.0, "percent_covered_display": "0", "missing_lines": 27, "excluded_lines": 0, "percent_statements_covered": 0.0, "percent_statements_covered_display": "0"}, "missing_lines": [474, 476, 478, 479, 488, 490, 492, 493, 494, 495, 496, 497, 498, 499, 501, 502, 503, 504, 505, 507, 508, 509, 511, 512, 513, 515, 518], "excluded_lines": [], "start_line": 472}, "": {"executed_lines": [], "summary": {"covered_lines": 0, "num_statements": 49, "percent_covered": 0.0, "percent_covered_display": "0", "missing_lines": 49, "excluded_lines": 0, "percent_statements_covered": 0.0, "percent_statements_covered_display": "0"}, "missing_lines": [13, 14, 15, 16, 17, 19, 20, 21, 22, 23, 26, 27, 29, 30, 31, 32, 33, 36, 37, 39, 40, 41, 42, 43, 44, 45, 46, 47, 48, 51, 63, 79, 111, 142, 178, 213, 259, 314, 321, 328, 382, 405, 421, 449, 452, 460, 472, 521, 522], "excluded_lines": [], "start_line": 1}}, "classes": {"Message": {"executed_lines": [], "summary": {"covered_lines": 0, "num_statements": 0, "percent_covered": 100.0, "percent_covered_display": "100", "missing_lines": 0, "excluded_lines": 0, "percent_statements_covered": 100.0, "percent_statements_covered_display": "100"}, "missing_lines": [], "excluded_lines": [], "start_line": 27}, "Session": {"executed_lines": [], "summary": {"covered_lines": 0, "num_statements": 0, "percent_covered": 100.0, "percent_covered_display": "100", "missing_lines": 0, "excluded_lines": 0, "percent_statements_covered": 100.0, "percent_statements_covered_display": "100"}, "missing_lines": [], "excluded_lines": [], "start_line": 37}, "SessionManager": {"executed_lines": [], "summary": {"covered_lines": 0, "num_statements": 141, "percent_covered": 0.0, "percent_covered_display": "0", "missing_lines": 141, "excluded_lines": 0, "percent_statements_covered": 0.0, "percent_statements_covered_display": "0"}, "missing_lines": [64, 65, 67, 68, 71, 73, 74, 77, 81, 82, 83, 98, 100, 101, 102, 109, 122, 123, 125, 135, 136, 138, 139, 140, 161, 162, 164, 171, 173, 174, 176, 194, 195, 197, 199, 200, 201, 202, 203, 204, 205, 206, 208, 209, 211, 215, 216, 218, 219, 222, 223, 226, 227, 229, 230, 233, 255, 257, 261, 262, 264, 267, 268, 270, 272, 273, 276, 277, 284, 287, 288, 289, 290, 292, 293, 294, 297, 298, 301, 302, 303, 304, 305, 308, 309, 310, 312, 316, 317, 318, 319, 323, 324, 325, 326, 339, 340, 341, 342, 343, 344, 346, 347, 348, 351, 352, 354, 364, 376, 377, 379, 380, 384, 385, 386, 388, 389, 392, 393, 394, 395, 400, 401, 403, 407, 408, 410, 412, 413, 414, 415, 416, 417, 419, 423, 424, 426, 427, 429, 430, 442], "excluded_lines": [], "start_line": 51}, "": {"executed_lines": [], "summary": {"covered_lines": 0, "num_statements": 83, "percent_covered": 0.0, "percent_covered_display": "0", "missing_lines": 83, "excluded_lines": 0, "percent_statements_covered": 0.0, "percent_statements_covered_display": "0"}, "missing_lines": [13, 14, 15, 16, 17, 19, 20, 21, 22, 23, 26, 27, 29, 30, 31, 32, 33, 36, 37, 39, 40, 41, 42, 43, 44, 45, 46, 47, 48, 51, 63, 79, 111, 142, 178, 213, 259, 314, 321, 328, 382, 405, 421, 449, 452, 455, 456, 457, 460, 462, 463, 464, 465, 472, 474, 476, 478, 479, 488, 490, 492, 493, 494, 495, 496, 497, 498, 499, 501, 502, 503, 504, 505, 507, 508, 509, 511, 512, 513, 515, 518, 521, 522], "excluded_lines": [], "start_line": 1}}}, "src\\core\\session_rules.py": {"executed_lines": [], "summary": {"covered_lines": 0, "num_statements": 109, "percent_covered": 0.0, "percent_covered_display": "0", "missing_lines": 109, "excluded_lines": 0, "percent_statements_covered": 0.0, "percent_statements_covered_display": "0"}, "missing_lines": [11, 12, 13, 14, 15, 16, 23, 52, 53, 55, 56, 57, 58, 59, 60, 63, 64, 66, 67, 68, 69, 70, 73, 74, 76, 77, 78, 79, 80, 81, 82, 83, 85, 87, 89, 91, 92, 94, 95, 97, 98, 115, 136, 138, 145, 146, 147, 148, 149, 152, 153, 155, 156, 157, 158, 159, 162, 163, 165, 166, 167, 168, 169, 171, 172, 194, 209, 210, 212, 281, 289, 305, 307, 308, 310, 311, 314, 336, 355, 356, 357, 358, 359, 366, 373, 376, 382, 385, 390, 391, 392, 393, 394, 395, 405, 411, 412, 413, 416, 417, 423, 424, 439, 446, 448, 449, 450, 452, 457], "excluded_lines": [], "functions": {"SessionRules.to_json": {"executed_lines": [], "summary": {"covered_lines": 0, "num_statements": 1, "percent_covered": 0.0, "percent_covered_display": "0", "missing_lines": 1, "excluded_lines": 0, "percent_statements_covered": 0.0, "percent_statements_covered_display": "0"}, "missing_lines": [87], "excluded_lines": [], "start_line": 85}, "SessionRules.get_hash": {"executed_lines": [], "summary": {"covered_lines": 0, "num_statements": 2, "percent_covered": 0.0, "percent_covered_display": "0", "missing_lines": 2, "excluded_lines": 0, "percent_statements_covered": 0.0, "percent_statements_covered_display": "0"}, "missing_lines": [91, 92], "excluded_lines": [], "start_line": 89}, "SessionRules.from_json": {"executed_lines": [], "summary": {"covered_lines": 0, "num_statements": 2, "percent_covered": 0.0, "percent_covered_display": "0", "missing_lines": 2, "excluded_lines": 0, "percent_statements_covered": 0.0, "percent_statements_covered_display": "0"}, "missing_lines": [97, 98], "excluded_lines": [], "start_line": 95}, "get_preset_rules": {"executed_lines": [], "summary": {"covered_lines": 0, "num_statements": 1, "percent_covered": 0.0, "percent_covered_display": "0", "missing_lines": 1, "excluded_lines": 0, "percent_statements_covered": 0.0, "percent_statements_covered_display": "0"}, "missing_lines": [138], "excluded_lines": [], "start_line": 136}, "ReviewResult.to_dict": {"executed_lines": [], "summary": {"covered_lines": 0, "num_statements": 1, "percent_covered": 0.0, "percent_covered_display": "0", "missing_lines": 1, "excluded_lines": 0, "percent_statements_covered": 0.0, "percent_statements_covered_display": "0"}, "missing_lines": [172], "excluded_lines": [], "start_line": 171}, "build_reviewer_prompt": {"executed_lines": [], "summary": {"covered_lines": 0, "num_statements": 3, "percent_covered": 0.0, "percent_covered_display": "0", "missing_lines": 3, "excluded_lines": 0, "percent_statements_covered": 0.0, "percent_statements_covered_display": "0"}, "missing_lines": [209, 210, 212], "excluded_lines": [], "start_line": 194}, "create_audit_log": {"executed_lines": [], "summary": {"covered_lines": 0, "num_statements": 1, "percent_covered": 0.0, "percent_covered_display": "0", "missing_lines": 1, "excluded_lines": 0, "percent_statements_covered": 0.0, "percent_statements_covered_display": "0"}, "missing_lines": [289], "excluded_lines": [], "start_line": 281}, "save_audit_log": {"executed_lines": [], "summary": {"covered_lines": 0, "num_statements": 11, "percent_covered": 0.0, "percent_covered_display": "0", "missing_lines": 11, "excluded_lines": 0, "percent_statements_covered": 0.0, "percent_statements_covered_display": "0"}, "missing_lines": [307, 308, 310, 311, 314, 336, 355, 356, 357, 358, 359], "excluded_lines": [], "start_line": 305}, "get_current_rules": {"executed_lines": [], "summary": {"covered_lines": 0, "num_statements": 1, "percent_covered": 0.0, "percent_covered_display": "0", "missing_lines": 1, "excluded_lines": 0, "percent_statements_covered": 0.0, "percent_statements_covered_display": "0"}, "missing_lines": [373], "excluded_lines": [], "start_line": 366}, "parse_reviewer_output": {"executed_lines": [], "summary": {"covered_lines": 0, "num_statements": 17, "percent_covered": 0.0, "percent_covered_display": "0", "missing_lines": 17, "excluded_lines": 0, "percent_statements_covered": 0.0, "percent_statements_covered_display": "0"}, "missing_lines": [382, 385, 390, 391, 392, 393, 394, 395, 405, 411, 412, 413, 416, 417, 423, 424, 439], "excluded_lines": [], "start_line": 376}, "": {"executed_lines": [], "summary": {"covered_lines": 0, "num_statements": 69, "percent_covered": 0.0, "percent_covered_display": "0", "missing_lines": 69, "excluded_lines": 0, "percent_statements_covered": 0.0, "percent_statements_covered_display": "0"}, "missing_lines": [11, 12, 13, 14, 15, 16, 23, 52, 53, 55, 56, 57, 58, 59, 60, 63, 64, 66, 67, 68, 69, 70, 73, 74, 76, 77, 78, 79, 80, 81, 82, 83, 85, 89, 94, 95, 115, 136, 145, 146, 147, 148, 149, 152, 153, 155, 156, 157, 158, 159, 162, 163, 165, 166, 167, 168, 169, 171, 194, 281, 305, 366, 376, 446, 448, 449, 450, 452, 457], "excluded_lines": [], "start_line": 1}}, "classes": {"CodeRules": {"executed_lines": [], "summary": {"covered_lines": 0, "num_statements": 0, "percent_covered": 100.0, "percent_covered_display": "100", "missing_lines": 0, "excluded_lines": 0, "percent_statements_covered": 100.0, "percent_statements_covered_display": "100"}, "missing_lines": [], "excluded_lines": [], "start_line": 53}, "QualityRules": {"executed_lines": [], "summary": {"covered_lines": 0, "num_statements": 0, "percent_covered": 100.0, "percent_covered_display": "100", "missing_lines": 0, "excluded_lines": 0, "percent_statements_covered": 100.0, "percent_statements_covered_display": "100"}, "missing_lines": [], "excluded_lines": [], "start_line": 64}, "SessionRules": {"executed_lines": [], "summary": {"covered_lines": 0, "num_statements": 5, "percent_covered": 0.0, "percent_covered_display": "0", "missing_lines": 5, "excluded_lines": 0, "percent_statements_covered": 0.0, "percent_statements_covered_display": "0"}, "missing_lines": [87, 91, 92, 97, 98], "excluded_lines": [], "start_line": 74}, "ViolationSeverity": {"executed_lines": [], "summary": {"covered_lines": 0, "num_statements": 0, "percent_covered": 100.0, "percent_covered_display": "100", "missing_lines": 0, "excluded_lines": 0, "percent_statements_covered": 100.0, "percent_statements_covered_display": "100"}, "missing_lines": [], "excluded_lines": [], "start_line": 145}, "Violation": {"executed_lines": [], "summary": {"covered_lines": 0, "num_statements": 0, "percent_covered": 100.0, "percent_covered_display": "100", "missing_lines": 0, "excluded_lines": 0, "percent_statements_covered": 100.0, "percent_statements_covered_display": "100"}, "missing_lines": [], "excluded_lines": [], "start_line": 153}, "ReviewResult": {"executed_lines": [], "summary": {"covered_lines": 0, "num_statements": 1, "percent_covered": 0.0, "percent_covered_display": "0", "missing_lines": 1, "excluded_lines": 0, "percent_statements_covered": 0.0, "percent_statements_covered_display": "0"}, "missing_lines": [172], "excluded_lines": [], "start_line": 163}, "": {"executed_lines": [], "summary": {"covered_lines": 0, "num_statements": 103, "percent_covered": 0.0, "percent_covered_display": "0", "missing_lines": 103, "excluded_lines": 0, "percent_statements_covered": 0.0, "percent_statements_covered_display": "0"}, "missing_lines": [11, 12, 13, 14, 15, 16, 23, 52, 53, 55, 56, 57, 58, 59, 60, 63, 64, 66, 67, 68, 69, 70, 73, 74, 76, 77, 78, 79, 80, 81, 82, 83, 85, 89, 94, 95, 115, 136, 138, 145, 146, 147, 148, 149, 152, 153, 155, 156, 157, 158, 159, 162, 163, 165, 166, 167, 168, 169, 171, 194, 209, 210, 212, 281, 289, 305, 307, 308, 310, 311, 314, 336, 355, 356, 357, 358, 359, 366, 373, 376, 382, 385, 390, 391, 392, 393, 394, 395, 405, 411, 412, 413, 416, 417, 423, 424, 439, 446, 448, 449, 450, 452, 457], "excluded_lines": [], "start_line": 1}}}, "src\\core\\session_state.py": {"executed_lines": [], "summary": {"covered_lines": 0, "num_statements": 6, "percent_covered": 0.0, "percent_covered_display": "0", "missing_lines": 6, "excluded_lines": 0, "percent_statements_covered": 0.0, "percent_statements_covered_display": "0"}, "missing_lines": [5, 8, 11, 14, 17, 20], "excluded_lines": [], "functions": {"get_current_session": {"executed_lines": [], "summary": {"covered_lines": 0, "num_statements": 1, "percent_covered": 0.0, "percent_covered_display": "0", "missing_lines": 1, "excluded_lines": 0, "percent_statements_covered": 0.0, "percent_statements_covered_display": "0"}, "missing_lines": [14], "excluded_lines": [], "start_line": 11}, "set_current_session": {"executed_lines": [], "summary": {"covered_lines": 0, "num_statements": 1, "percent_covered": 0.0, "percent_covered_display": "0", "missing_lines": 1, "excluded_lines": 0, "percent_statements_covered": 0.0, "percent_statements_covered_display": "0"}, "missing_lines": [20], "excluded_lines": [], "start_line": 17}, "": {"executed_lines": [], "summary": {"covered_lines": 0, "num_statements": 4, "percent_covered": 0.0, "percent_covered_display": "0", "missing_lines": 4, "excluded_lines": 0, "percent_statements_covered": 0.0, "percent_statements_covered_display": "0"}, "missing_lines": [5, 8, 11, 17], "excluded_lines": [], "start_line": 1}}, "classes": {"": {"executed_lines": [], "summary": {"covered_lines": 0, "num_statements": 6, "percent_covered": 0.0, "percent_covered_display": "0", "missing_lines": 6, "excluded_lines": 0, "percent_statements_covered": 0.0, "percent_statements_covered_display": "0"}, "missing_lines": [5, 8, 11, 14, 17, 20], "excluded_lines": [], "start_line": 1}}}}, "totals": {"covered_lines": 506, "num_statements": 1920, "percent_covered": 26.354166666666668, "percent_covered_display": "26", "missing_lines": 1414, "excluded_lines": 0, "percent_statements_covered": 26.354166666666668, "percent_statements_covered_display": "26"}}